<?xml version="1.0" encoding="UTF-8"?>
<coverage generated="1527172962377" clover="3.2.0">
  <project timestamp="1527172962378" name="All files">
    <metrics statements="217" coveredstatements="178" conditionals="44" coveredconditionals="32" methods="90" coveredmethods="70" elements="351" coveredelements="280" complexity="0" loc="217" ncloc="217" packages="19" files="38" classes="38">
      <package name="src">
        <metrics statements="34" coveredstatements="22" conditionals="6" coveredconditionals="4" methods="14" coveredmethods="6"/>
        <file name="Paths.js" path="/Users/liliiasapozhnikova/epam/project/final-task-struct/src/Paths.js">
          <metrics statements="3" coveredstatements="3" conditionals="0" coveredconditionals="0" methods="2" coveredmethods="1"/>
          <line num="1" count="5" type="stmt"/>
          <line num="2" count="1" type="stmt"/>
          <line num="6" count="5" type="stmt"/>
        </file>
        <file name="Utils.js" path="/Users/liliiasapozhnikova/epam/project/final-task-struct/src/Utils.js">
          <metrics statements="15" coveredstatements="13" conditionals="2" coveredconditionals="1" methods="6" coveredmethods="4"/>
          <line num="1" count="5" type="stmt"/>
          <line num="2" count="0" type="stmt"/>
          <line num="5" count="5" type="stmt"/>
          <line num="6" count="2" type="stmt"/>
          <line num="7" count="2" type="cond" truecount="1" falsecount="1"/>
          <line num="10" count="5" type="stmt"/>
          <line num="11" count="4" type="stmt"/>
          <line num="13" count="5" type="stmt"/>
          <line num="14" count="2" type="stmt"/>
          <line num="18" count="2" type="stmt"/>
          <line num="21" count="5" type="stmt"/>
          <line num="22" count="2" type="stmt"/>
          <line num="23" count="2" type="stmt"/>
          <line num="24" count="0" type="stmt"/>
          <line num="26" count="2" type="stmt"/>
        </file>
        <file name="api.js" path="/Users/liliiasapozhnikova/epam/project/final-task-struct/src/api.js">
          <metrics statements="7" coveredstatements="2" conditionals="1" coveredconditionals="0" methods="5" coveredmethods="0"/>
          <line num="1" count="1" type="cond" truecount="0" falsecount="1"/>
          <line num="2" count="0" type="stmt"/>
          <line num="4" count="0" type="stmt"/>
          <line num="7" count="1" type="stmt"/>
          <line num="8" count="0" type="stmt"/>
          <line num="9" count="0" type="stmt"/>
          <line num="10" count="0" type="stmt"/>
        </file>
        <file name="createStore.js" path="/Users/liliiasapozhnikova/epam/project/final-task-struct/src/createStore.js">
          <metrics statements="2" coveredstatements="2" conditionals="3" coveredconditionals="3" methods="1" coveredmethods="1"/>
          <line num="7" count="5" type="cond" truecount="2" falsecount="0"/>
          <line num="10" count="9" type="stmt"/>
        </file>
        <file name="index.js" path="/Users/liliiasapozhnikova/epam/project/final-task-struct/src/index.js">
          <metrics statements="5" coveredstatements="0" conditionals="0" coveredconditionals="0" methods="0" coveredmethods="0"/>
          <line num="1" count="0" type="stmt"/>
          <line num="2" count="0" type="stmt"/>
          <line num="3" count="0" type="stmt"/>
          <line num="4" count="0" type="stmt"/>
          <line num="6" count="0" type="stmt"/>
        </file>
        <file name="testData.js" path="/Users/liliiasapozhnikova/epam/project/final-task-struct/src/testData.js">
          <metrics statements="2" coveredstatements="2" conditionals="0" coveredconditionals="0" methods="0" coveredmethods="0"/>
          <line num="1" count="3" type="stmt"/>
          <line num="30" count="3" type="stmt"/>
        </file>
      </package>
      <package name="src.actions">
        <metrics statements="14" coveredstatements="10" conditionals="2" coveredconditionals="0" methods="9" coveredmethods="6"/>
        <file name="index.js" path="/Users/liliiasapozhnikova/epam/project/final-task-struct/src/actions/index.js">
          <metrics statements="14" coveredstatements="10" conditionals="2" coveredconditionals="0" methods="9" coveredmethods="6"/>
          <line num="13" count="5" type="stmt"/>
          <line num="14" count="2" type="stmt"/>
          <line num="16" count="2" type="stmt"/>
          <line num="17" count="2" type="stmt"/>
          <line num="19" count="2" type="stmt"/>
          <line num="23" count="2" type="stmt"/>
          <line num="27" count="5" type="stmt"/>
          <line num="28" count="0" type="cond" truecount="0" falsecount="2"/>
          <line num="29" count="0" type="stmt"/>
          <line num="31" count="0" type="stmt"/>
          <line num="33" count="0" type="stmt"/>
          <line num="36" count="5" type="stmt"/>
          <line num="40" count="5" type="stmt"/>
          <line num="45" count="5" type="stmt"/>
        </file>
      </package>
      <package name="src.components.Film">
        <metrics statements="15" coveredstatements="13" conditionals="0" coveredconditionals="0" methods="7" coveredmethods="5"/>
        <file name="components.js" path="/Users/liliiasapozhnikova/epam/project/final-task-struct/src/components/Film/components.js">
          <metrics statements="6" coveredstatements="6" conditionals="0" coveredconditionals="0" methods="0" coveredmethods="0"/>
          <line num="3" count="4" type="stmt"/>
          <line num="11" count="4" type="stmt"/>
          <line num="17" count="4" type="stmt"/>
          <line num="22" count="4" type="stmt"/>
          <line num="29" count="4" type="stmt"/>
          <line num="38" count="4" type="stmt"/>
        </file>
        <file name="index.js" path="/Users/liliiasapozhnikova/epam/project/final-task-struct/src/components/Film/index.js">
          <metrics statements="9" coveredstatements="7" conditionals="0" coveredconditionals="0" methods="7" coveredmethods="5"/>
          <line num="10" count="4" type="stmt"/>
          <line num="11" count="5" type="stmt"/>
          <line num="26" count="8" type="stmt"/>
          <line num="38" count="4" type="stmt"/>
          <line num="45" count="5" type="stmt"/>
          <line num="49" count="5" type="stmt"/>
          <line num="51" count="0" type="stmt"/>
          <line num="53" count="5" type="stmt"/>
          <line num="54" count="0" type="stmt"/>
        </file>
      </package>
      <package name="src.components.FilmDetails">
        <metrics statements="21" coveredstatements="19" conditionals="0" coveredconditionals="0" methods="6" coveredmethods="4"/>
        <file name="components.js" path="/Users/liliiasapozhnikova/epam/project/final-task-struct/src/components/FilmDetails/components.js">
          <metrics statements="13" coveredstatements="13" conditionals="0" coveredconditionals="0" methods="0" coveredmethods="0"/>
          <line num="4" count="4" type="stmt"/>
          <line num="10" count="4" type="stmt"/>
          <line num="16" count="4" type="stmt"/>
          <line num="21" count="4" type="stmt"/>
          <line num="25" count="4" type="stmt"/>
          <line num="31" count="4" type="stmt"/>
          <line num="39" count="4" type="stmt"/>
          <line num="54" count="4" type="stmt"/>
          <line num="60" count="4" type="stmt"/>
          <line num="66" count="4" type="stmt"/>
          <line num="75" count="4" type="stmt"/>
          <line num="83" count="4" type="stmt"/>
          <line num="89" count="4" type="stmt"/>
        </file>
        <file name="index.js" path="/Users/liliiasapozhnikova/epam/project/final-task-struct/src/components/FilmDetails/index.js">
          <metrics statements="8" coveredstatements="6" conditionals="0" coveredconditionals="0" methods="6" coveredmethods="4"/>
          <line num="26" count="4" type="stmt"/>
          <line num="27" count="2" type="stmt"/>
          <line num="60" count="4" type="stmt"/>
          <line num="67" count="4" type="stmt"/>
          <line num="71" count="4" type="stmt"/>
          <line num="73" count="0" type="stmt"/>
          <line num="75" count="2" type="stmt"/>
          <line num="76" count="0" type="stmt"/>
        </file>
      </package>
      <package name="src.components.Films">
        <metrics statements="7" coveredstatements="7" conditionals="2" coveredconditionals="2" methods="2" coveredmethods="2"/>
        <file name="components.js" path="/Users/liliiasapozhnikova/epam/project/final-task-struct/src/components/Films/components.js">
          <metrics statements="1" coveredstatements="1" conditionals="0" coveredconditionals="0" methods="0" coveredmethods="0"/>
          <line num="3" count="4" type="stmt"/>
        </file>
        <file name="index.js" path="/Users/liliiasapozhnikova/epam/project/final-task-struct/src/components/Films/index.js">
          <metrics statements="6" coveredstatements="6" conditionals="2" coveredconditionals="2" methods="2" coveredmethods="2"/>
          <line num="7" count="4" type="stmt"/>
          <line num="8" count="8" type="cond" truecount="2" falsecount="0"/>
          <line num="9" count="5" type="stmt"/>
          <line num="11" count="3" type="stmt"/>
          <line num="14" count="5" type="stmt"/>
          <line num="20" count="4" type="stmt"/>
        </file>
      </package>
      <package name="src.components.Header">
        <metrics statements="4" coveredstatements="4" conditionals="0" coveredconditionals="0" methods="1" coveredmethods="1"/>
        <file name="components.js" path="/Users/liliiasapozhnikova/epam/project/final-task-struct/src/components/Header/components.js">
          <metrics statements="1" coveredstatements="1" conditionals="0" coveredconditionals="0" methods="0" coveredmethods="0"/>
          <line num="3" count="5" type="stmt"/>
        </file>
        <file name="index.js" path="/Users/liliiasapozhnikova/epam/project/final-task-struct/src/components/Header/index.js">
          <metrics statements="3" coveredstatements="3" conditionals="0" coveredconditionals="0" methods="1" coveredmethods="1"/>
          <line num="5" count="5" type="stmt"/>
          <line num="6" count="7" type="stmt"/>
          <line num="14" count="5" type="stmt"/>
        </file>
      </package>
      <package name="src.components.NoFilmsFound">
        <metrics statements="3" coveredstatements="3" conditionals="0" coveredconditionals="0" methods="1" coveredmethods="1"/>
        <file name="components.js" path="/Users/liliiasapozhnikova/epam/project/final-task-struct/src/components/NoFilmsFound/components.js">
          <metrics statements="1" coveredstatements="1" conditionals="0" coveredconditionals="0" methods="0" coveredmethods="0"/>
          <line num="3" count="4" type="stmt"/>
        </file>
        <file name="index.js" path="/Users/liliiasapozhnikova/epam/project/final-task-struct/src/components/NoFilmsFound/index.js">
          <metrics statements="2" coveredstatements="2" conditionals="0" coveredconditionals="0" methods="1" coveredmethods="1"/>
          <line num="4" count="4" type="stmt"/>
          <line num="5" count="6" type="stmt"/>
        </file>
      </package>
      <package name="src.components.SearchInformation">
        <metrics statements="9" coveredstatements="7" conditionals="2" coveredconditionals="2" methods="4" coveredmethods="2"/>
        <file name="components.js" path="/Users/liliiasapozhnikova/epam/project/final-task-struct/src/components/SearchInformation/components.js">
          <metrics statements="4" coveredstatements="4" conditionals="2" coveredconditionals="2" methods="1" coveredmethods="1"/>
          <line num="3" count="4" type="stmt"/>
          <line num="6" count="4" type="cond" truecount="2" falsecount="0"/>
          <line num="9" count="4" type="stmt"/>
          <line num="16" count="4" type="stmt"/>
        </file>
        <file name="index.js" path="/Users/liliiasapozhnikova/epam/project/final-task-struct/src/components/SearchInformation/index.js">
          <metrics statements="5" coveredstatements="3" conditionals="0" coveredconditionals="0" methods="3" coveredmethods="1"/>
          <line num="6" count="4" type="stmt"/>
          <line num="7" count="2" type="stmt"/>
          <line num="13" count="0" type="stmt"/>
          <line num="19" count="0" type="stmt"/>
          <line num="29" count="4" type="stmt"/>
        </file>
      </package>
      <package name="src.components.UI">
        <metrics statements="6" coveredstatements="6" conditionals="4" coveredconditionals="2" methods="2" coveredmethods="2"/>
        <file name="index.js" path="/Users/liliiasapozhnikova/epam/project/final-task-struct/src/components/UI/index.js">
          <metrics statements="6" coveredstatements="6" conditionals="4" coveredconditionals="2" methods="2" coveredmethods="2"/>
          <line num="3" count="5" type="stmt"/>
          <line num="16" count="7" type="cond" truecount="1" falsecount="1"/>
          <line num="33" count="7" type="cond" truecount="1" falsecount="1"/>
          <line num="82" count="5" type="stmt"/>
          <line num="94" count="5" type="stmt"/>
          <line num="103" count="5" type="stmt"/>
        </file>
      </package>
      <package name="src.constants">
        <metrics statements="3" coveredstatements="3" conditionals="0" coveredconditionals="0" methods="0" coveredmethods="0"/>
        <file name="index.js" path="/Users/liliiasapozhnikova/epam/project/final-task-struct/src/constants/index.js">
          <metrics statements="3" coveredstatements="3" conditionals="0" coveredconditionals="0" methods="0" coveredmethods="0"/>
          <line num="1" count="5" type="stmt"/>
          <line num="2" count="5" type="stmt"/>
          <line num="3" count="5" type="stmt"/>
        </file>
      </package>
      <package name="src.containers.App">
        <metrics statements="2" coveredstatements="2" conditionals="0" coveredconditionals="0" methods="1" coveredmethods="1"/>
        <file name="index.js" path="/Users/liliiasapozhnikova/epam/project/final-task-struct/src/containers/App/index.js">
          <metrics statements="2" coveredstatements="2" conditionals="0" coveredconditionals="0" methods="1" coveredmethods="1"/>
          <line num="17" count="4" type="stmt"/>
          <line num="18" count="5" type="stmt"/>
        </file>
      </package>
      <package name="src.containers.ConnectedApp">
        <metrics statements="8" coveredstatements="0" conditionals="0" coveredconditionals="0" methods="0" coveredmethods="0"/>
        <file name="index.js" path="/Users/liliiasapozhnikova/epam/project/final-task-struct/src/containers/ConnectedApp/index.js">
          <metrics statements="8" coveredstatements="0" conditionals="0" coveredconditionals="0" methods="0" coveredmethods="0"/>
          <line num="1" count="0" type="stmt"/>
          <line num="2" count="0" type="stmt"/>
          <line num="3" count="0" type="stmt"/>
          <line num="4" count="0" type="stmt"/>
          <line num="5" count="0" type="stmt"/>
          <line num="7" count="0" type="stmt"/>
          <line num="8" count="0" type="stmt"/>
          <line num="12" count="0" type="stmt"/>
        </file>
      </package>
      <package name="src.containers.FavoriteFilmsPage">
        <metrics statements="9" coveredstatements="7" conditionals="2" coveredconditionals="1" methods="5" coveredmethods="4"/>
        <file name="components.js" path="/Users/liliiasapozhnikova/epam/project/final-task-struct/src/containers/FavoriteFilmsPage/components.js">
          <metrics statements="2" coveredstatements="2" conditionals="0" coveredconditionals="0" methods="0" coveredmethods="0"/>
          <line num="4" count="4" type="stmt"/>
          <line num="13" count="4" type="stmt"/>
        </file>
        <file name="index.js" path="/Users/liliiasapozhnikova/epam/project/final-task-struct/src/containers/FavoriteFilmsPage/index.js">
          <metrics statements="7" coveredstatements="5" conditionals="2" coveredconditionals="1" methods="5" coveredmethods="4"/>
          <line num="12" count="1" type="stmt"/>
          <line num="15" count="1" type="stmt"/>
          <line num="18" count="0" type="stmt"/>
          <line num="22" count="3" type="cond" truecount="1" falsecount="1"/>
          <line num="23" count="0" type="stmt"/>
          <line num="25" count="3" type="stmt"/>
          <line num="39" count="4" type="stmt"/>
        </file>
      </package>
      <package name="src.containers.FilmPage">
        <metrics statements="27" coveredstatements="25" conditionals="9" coveredconditionals="7" methods="14" coveredmethods="14"/>
        <file name="actions.js" path="/Users/liliiasapozhnikova/epam/project/final-task-struct/src/containers/FilmPage/actions.js">
          <metrics statements="10" coveredstatements="10" conditionals="0" coveredconditionals="0" methods="8" coveredmethods="8"/>
          <line num="5" count="4" type="stmt"/>
          <line num="6" count="2" type="stmt"/>
          <line num="8" count="2" type="stmt"/>
          <line num="9" count="2" type="stmt"/>
          <line num="11" count="2" type="stmt"/>
          <line num="15" count="2" type="stmt"/>
          <line num="16" count="4" type="stmt"/>
          <line num="22" count="4" type="stmt"/>
          <line num="26" count="5" type="stmt"/>
          <line num="31" count="4" type="stmt"/>
        </file>
        <file name="constants.js" path="/Users/liliiasapozhnikova/epam/project/final-task-struct/src/containers/FilmPage/constants.js">
          <metrics statements="3" coveredstatements="3" conditionals="0" coveredconditionals="0" methods="0" coveredmethods="0"/>
          <line num="1" count="5" type="stmt"/>
          <line num="2" count="5" type="stmt"/>
          <line num="3" count="5" type="stmt"/>
        </file>
        <file name="index.js" path="/Users/liliiasapozhnikova/epam/project/final-task-struct/src/containers/FilmPage/index.js">
          <metrics statements="8" coveredstatements="6" conditionals="4" coveredconditionals="2" methods="5" coveredmethods="5"/>
          <line num="10" count="1" type="stmt"/>
          <line num="14" count="2" type="cond" truecount="1" falsecount="1"/>
          <line num="15" count="0" type="stmt"/>
          <line num="20" count="1" type="stmt"/>
          <line num="24" count="3" type="cond" truecount="1" falsecount="1"/>
          <line num="25" count="0" type="stmt"/>
          <line num="27" count="3" type="stmt"/>
          <line num="36" count="4" type="stmt"/>
        </file>
        <file name="reducer.js" path="/Users/liliiasapozhnikova/epam/project/final-task-struct/src/containers/FilmPage/reducer.js">
          <metrics statements="6" coveredstatements="6" conditionals="5" coveredconditionals="5" methods="1" coveredmethods="1"/>
          <line num="3" count="5" type="stmt"/>
          <line num="10" count="48" type="cond" truecount="4" falsecount="0"/>
          <line num="12" count="2" type="stmt"/>
          <line num="14" count="3" type="stmt"/>
          <line num="16" count="4" type="stmt"/>
          <line num="18" count="39" type="stmt"/>
        </file>
      </package>
      <package name="src.containers.HomePage">
        <metrics statements="2" coveredstatements="2" conditionals="0" coveredconditionals="0" methods="1" coveredmethods="1"/>
        <file name="index.js" path="/Users/liliiasapozhnikova/epam/project/final-task-struct/src/containers/HomePage/index.js">
          <metrics statements="2" coveredstatements="2" conditionals="0" coveredconditionals="0" methods="1" coveredmethods="1"/>
          <line num="6" count="4" type="stmt"/>
          <line num="7" count="1" type="stmt"/>
        </file>
      </package>
      <package name="src.containers.NotFoundPage">
        <metrics statements="1" coveredstatements="1" conditionals="0" coveredconditionals="0" methods="1" coveredmethods="1"/>
        <file name="index.js" path="/Users/liliiasapozhnikova/epam/project/final-task-struct/src/containers/NotFoundPage/index.js">
          <metrics statements="1" coveredstatements="1" conditionals="0" coveredconditionals="0" methods="1" coveredmethods="1"/>
          <line num="2" count="4" type="stmt"/>
        </file>
      </package>
      <package name="src.containers.SearchPage">
        <metrics statements="27" coveredstatements="24" conditionals="10" coveredconditionals="7" methods="13" coveredmethods="13"/>
        <file name="actions.js" path="/Users/liliiasapozhnikova/epam/project/final-task-struct/src/containers/SearchPage/actions.js">
          <metrics statements="8" coveredstatements="7" conditionals="2" coveredconditionals="1" methods="5" coveredmethods="5"/>
          <line num="4" count="4" type="stmt"/>
          <line num="5" count="4" type="stmt"/>
          <line num="6" count="4" type="cond" truecount="1" falsecount="1"/>
          <line num="7" count="0" type="stmt"/>
          <line num="9" count="4" type="stmt"/>
          <line num="10" count="4" type="stmt"/>
          <line num="15" count="5" type="stmt"/>
          <line num="19" count="6" type="stmt"/>
        </file>
        <file name="constants.js" path="/Users/liliiasapozhnikova/epam/project/final-task-struct/src/containers/SearchPage/constants.js">
          <metrics statements="2" coveredstatements="2" conditionals="0" coveredconditionals="0" methods="0" coveredmethods="0"/>
          <line num="1" count="5" type="stmt"/>
          <line num="2" count="5" type="stmt"/>
        </file>
        <file name="index.js" path="/Users/liliiasapozhnikova/epam/project/final-task-struct/src/containers/SearchPage/index.js">
          <metrics statements="12" coveredstatements="10" conditionals="4" coveredconditionals="2" methods="7" coveredmethods="7"/>
          <line num="17" count="2" type="stmt"/>
          <line num="21" count="1" type="cond" truecount="1" falsecount="1"/>
          <line num="22" count="0" type="stmt"/>
          <line num="27" count="3" type="stmt"/>
          <line num="28" count="3" type="stmt"/>
          <line num="30" count="3" type="stmt"/>
          <line num="34" count="1" type="stmt"/>
          <line num="38" count="1" type="stmt"/>
          <line num="43" count="4" type="cond" truecount="1" falsecount="1"/>
          <line num="44" count="0" type="stmt"/>
          <line num="46" count="4" type="stmt"/>
          <line num="60" count="8" type="stmt"/>
        </file>
        <file name="reducer.js" path="/Users/liliiasapozhnikova/epam/project/final-task-struct/src/containers/SearchPage/reducer.js">
          <metrics statements="5" coveredstatements="5" conditionals="4" coveredconditionals="4" methods="1" coveredmethods="1"/>
          <line num="3" count="5" type="stmt"/>
          <line num="9" count="46" type="cond" truecount="3" falsecount="0"/>
          <line num="11" count="4" type="stmt"/>
          <line num="13" count="5" type="stmt"/>
          <line num="15" count="37" type="stmt"/>
        </file>
      </package>
      <package name="src.containers.Searcher">
        <metrics statements="17" coveredstatements="15" conditionals="2" coveredconditionals="2" methods="8" coveredmethods="6"/>
        <file name="components.js" path="/Users/liliiasapozhnikova/epam/project/final-task-struct/src/containers/Searcher/components.js">
          <metrics statements="8" coveredstatements="8" conditionals="2" coveredconditionals="2" methods="1" coveredmethods="1"/>
          <line num="4" count="5" type="stmt"/>
          <line num="10" count="5" type="stmt"/>
          <line num="22" count="5" type="stmt"/>
          <line num="28" count="4" type="cond" truecount="2" falsecount="0"/>
          <line num="35" count="5" type="stmt"/>
          <line num="48" count="5" type="stmt"/>
          <line num="61" count="5" type="stmt"/>
          <line num="71" count="5" type="stmt"/>
        </file>
        <file name="index.js" path="/Users/liliiasapozhnikova/epam/project/final-task-struct/src/containers/Searcher/index.js">
          <metrics statements="9" coveredstatements="7" conditionals="0" coveredconditionals="0" methods="7" coveredmethods="5"/>
          <line num="24" count="1" type="stmt"/>
          <line num="25" count="1" type="stmt"/>
          <line num="32" count="0" type="stmt"/>
          <line num="37" count="14" type="stmt"/>
          <line num="38" count="1" type="stmt"/>
          <line num="39" count="1" type="stmt"/>
          <line num="45" count="0" type="stmt"/>
          <line num="49" count="1" type="stmt"/>
          <line num="53" count="7" type="stmt"/>
        </file>
      </package>
      <package name="src.reducers">
        <metrics statements="8" coveredstatements="8" conditionals="5" coveredconditionals="5" methods="1" coveredmethods="1"/>
        <file name="index.js" path="/Users/liliiasapozhnikova/epam/project/final-task-struct/src/reducers/index.js">
          <metrics statements="8" coveredstatements="8" conditionals="5" coveredconditionals="5" methods="1" coveredmethods="1"/>
          <line num="11" count="5" type="stmt"/>
          <line num="17" count="5" type="cond" truecount="1" falsecount="0"/>
          <line num="18" count="47" type="cond" truecount="4" falsecount="0"/>
          <line num="20" count="2" type="stmt"/>
          <line num="22" count="3" type="stmt"/>
          <line num="24" count="3" type="stmt"/>
          <line num="30" count="39" type="stmt"/>
          <line num="34" count="5" type="stmt"/>
        </file>
      </package>
    </metrics>
  </project>
</coverage>
