{"/Users/liliiasapozhnikova/epam/project/final-task-struct/src/Paths.js": {"path":"/Users/liliiasapozhnikova/epam/project/final-task-struct/src/Paths.js","statementMap":{"0":{"start":{"line":1,"column":26},"end":{"line":4,"column":5}},"1":{"start":{"line":2,"column":2},"end":{"line":4,"column":5}},"2":{"start":{"line":6,"column":24},"end":{"line":6,"column":72}},"3":{"start":{"line":6,"column":36},"end":{"line":6,"column":72}}},"fnMap":{"0":{"name":"(anonymous_0)","decl":{"start":{"line":1,"column":26},"end":{"line":1,"column":27}},"loc":{"start":{"line":2,"column":2},"end":{"line":4,"column":5}},"line":2},"1":{"name":"(anonymous_1)","decl":{"start":{"line":6,"column":24},"end":{"line":6,"column":25}},"loc":{"start":{"line":6,"column":36},"end":{"line":6,"column":72}},"line":6}},"branchMap":{},"s":{"0":5,"1":1,"2":5,"3":0},"f":{"0":1,"1":0},"b":{},"_coverageSchema":"332fd63041d2c1bcb487cc26dd0d5f7d97098a6c","hash":"7708ff3bad69dc1fe0a4625ade39ac040808ea0e"}
,"/Users/liliiasapozhnikova/epam/project/final-task-struct/src/Utils.js": {"path":"/Users/liliiasapozhnikova/epam/project/final-task-struct/src/Utils.js","statementMap":{"0":{"start":{"line":1,"column":34},"end":{"line":3,"column":1}},"1":{"start":{"line":2,"column":2},"end":{"line":2,"column":62}},"2":{"start":{"line":5,"column":39},"end":{"line":8,"column":1}},"3":{"start":{"line":6,"column":27},"end":{"line":6,"column":63}},"4":{"start":{"line":7,"column":2},"end":{"line":7,"column":62}},"5":{"start":{"line":10,"column":27},"end":{"line":11,"column":63}},"6":{"start":{"line":11,"column":2},"end":{"line":11,"column":63}},"7":{"start":{"line":13,"column":31},"end":{"line":19,"column":1}},"8":{"start":{"line":14,"column":15},"end":{"line":17,"column":14}},"9":{"start":{"line":18,"column":2},"end":{"line":18,"column":21}},"10":{"start":{"line":21,"column":38},"end":{"line":27,"column":1}},"11":{"start":{"line":22,"column":18},"end":{"line":22,"column":40}},"12":{"start":{"line":23,"column":20},"end":{"line":25,"column":13}},"13":{"start":{"line":24,"column":4},"end":{"line":24,"column":28}},"14":{"start":{"line":26,"column":2},"end":{"line":26,"column":26}}},"fnMap":{"0":{"name":"(anonymous_0)","decl":{"start":{"line":1,"column":34},"end":{"line":1,"column":35}},"loc":{"start":{"line":1,"column":43},"end":{"line":3,"column":1}},"line":1},"1":{"name":"(anonymous_1)","decl":{"start":{"line":5,"column":39},"end":{"line":5,"column":40}},"loc":{"start":{"line":5,"column":45},"end":{"line":8,"column":1}},"line":5},"2":{"name":"(anonymous_2)","decl":{"start":{"line":10,"column":27},"end":{"line":10,"column":28}},"loc":{"start":{"line":11,"column":2},"end":{"line":11,"column":63}},"line":11},"3":{"name":"(anonymous_3)","decl":{"start":{"line":13,"column":31},"end":{"line":13,"column":32}},"loc":{"start":{"line":13,"column":41},"end":{"line":19,"column":1}},"line":13},"4":{"name":"(anonymous_4)","decl":{"start":{"line":21,"column":38},"end":{"line":21,"column":39}},"loc":{"start":{"line":21,"column":54},"end":{"line":27,"column":1}},"line":21},"5":{"name":"(anonymous_5)","decl":{"start":{"line":23,"column":40},"end":{"line":23,"column":41}},"loc":{"start":{"line":23,"column":53},"end":{"line":25,"column":3}},"line":23}},"branchMap":{"0":{"loc":{"start":{"line":7,"column":9},"end":{"line":7,"column":61}},"type":"cond-expr","locations":[{"start":{"line":7,"column":28},"end":{"line":7,"column":56}},{"start":{"line":7,"column":59},"end":{"line":7,"column":61}}],"line":7}},"s":{"0":5,"1":0,"2":5,"3":2,"4":2,"5":5,"6":4,"7":5,"8":2,"9":2,"10":5,"11":2,"12":2,"13":0,"14":2},"f":{"0":0,"1":2,"2":4,"3":2,"4":2,"5":0},"b":{"0":[0,2]},"_coverageSchema":"332fd63041d2c1bcb487cc26dd0d5f7d97098a6c","hash":"31ba762bfbdf8a4c321c5975243c31d5d788ff8e"}
,"/Users/liliiasapozhnikova/epam/project/final-task-struct/src/api.js": {"path":"/Users/liliiasapozhnikova/epam/project/final-task-struct/src/api.js","statementMap":{"0":{"start":{"line":1,"column":26},"end":{"line":5,"column":1}},"1":{"start":{"line":2,"column":2},"end":{"line":4,"column":38}},"2":{"start":{"line":4,"column":21},"end":{"line":4,"column":36}},"3":{"start":{"line":7,"column":25},"end":{"line":11,"column":1}},"4":{"start":{"line":8,"column":2},"end":{"line":10,"column":31}},"5":{"start":{"line":9,"column":22},"end":{"line":9,"column":37}},"6":{"start":{"line":10,"column":20},"end":{"line":10,"column":29}}},"fnMap":{"0":{"name":"(anonymous_0)","decl":{"start":{"line":1,"column":26},"end":{"line":1,"column":27}},"loc":{"start":{"line":1,"column":66},"end":{"line":5,"column":1}},"line":1},"1":{"name":"(anonymous_1)","decl":{"start":{"line":4,"column":9},"end":{"line":4,"column":10}},"loc":{"start":{"line":4,"column":21},"end":{"line":4,"column":36}},"line":4},"2":{"name":"(anonymous_2)","decl":{"start":{"line":7,"column":25},"end":{"line":7,"column":26}},"loc":{"start":{"line":7,"column":37},"end":{"line":11,"column":1}},"line":7},"3":{"name":"(anonymous_3)","decl":{"start":{"line":9,"column":10},"end":{"line":9,"column":11}},"loc":{"start":{"line":9,"column":22},"end":{"line":9,"column":37}},"line":9},"4":{"name":"(anonymous_4)","decl":{"start":{"line":10,"column":10},"end":{"line":10,"column":11}},"loc":{"start":{"line":10,"column":20},"end":{"line":10,"column":29}},"line":10}},"branchMap":{"0":{"loc":{"start":{"line":1,"column":44},"end":{"line":1,"column":59}},"type":"default-arg","locations":[{"start":{"line":1,"column":53},"end":{"line":1,"column":59}}],"line":1}},"s":{"0":1,"1":0,"2":0,"3":1,"4":0,"5":0,"6":0},"f":{"0":0,"1":0,"2":0,"3":0,"4":0},"b":{"0":[0]},"_coverageSchema":"332fd63041d2c1bcb487cc26dd0d5f7d97098a6c","hash":"1018e6271ce9af1b8cf340f1b2e2184aab764796"}
,"/Users/liliiasapozhnikova/epam/project/final-task-struct/src/createStore.js": {"path":"/Users/liliiasapozhnikova/epam/project/final-task-struct/src/createStore.js","statementMap":{"0":{"start":{"line":7,"column":25},"end":{"line":7,"column":79}},"1":{"start":{"line":10,"column":2},"end":{"line":14,"column":4}}},"fnMap":{"0":{"name":"(anonymous_0)","decl":{"start":{"line":9,"column":15},"end":{"line":9,"column":16}},"loc":{"start":{"line":9,"column":59},"end":{"line":15,"column":1}},"line":9}},"branchMap":{"0":{"loc":{"start":{"line":7,"column":25},"end":{"line":7,"column":79}},"type":"binary-expr","locations":[{"start":{"line":7,"column":25},"end":{"line":7,"column":68}},{"start":{"line":7,"column":72},"end":{"line":7,"column":79}}],"line":7},"1":{"loc":{"start":{"line":9,"column":33},"end":{"line":9,"column":57}},"type":"default-arg","locations":[{"start":{"line":9,"column":48},"end":{"line":9,"column":57}}],"line":9}},"s":{"0":5,"1":9},"f":{"0":9},"b":{"0":[5,5],"1":[9]},"_coverageSchema":"332fd63041d2c1bcb487cc26dd0d5f7d97098a6c","hash":"ac6525cd15088381137be7f8b0cc2c027033bc71"}
,"/Users/liliiasapozhnikova/epam/project/final-task-struct/src/index.js": {"path":"/Users/liliiasapozhnikova/epam/project/final-task-struct/src/index.js","statementMap":{"0":{"start":{"line":1,"column":0},"end":{"line":null,"column":-1}},"1":{"start":{"line":2,"column":0},"end":{"line":null,"column":-1}},"2":{"start":{"line":3,"column":0},"end":{"line":null,"column":-1}},"3":{"start":{"line":4,"column":0},"end":{"line":null,"column":-1}},"4":{"start":{"line":6,"column":0},"end":{"line":null,"column":-1}}},"fnMap":{},"branchMap":{},"s":{"0":0,"1":0,"2":0,"3":0,"4":0},"f":{},"b":{}}
,"/Users/liliiasapozhnikova/epam/project/final-task-struct/src/testData.js": {"path":"/Users/liliiasapozhnikova/epam/project/final-task-struct/src/testData.js","statementMap":{"0":{"start":{"line":1,"column":21},"end":{"line":28,"column":1}},"1":{"start":{"line":30,"column":20},"end":{"line":42,"column":1}}},"fnMap":{},"branchMap":{},"s":{"0":3,"1":3},"f":{},"b":{},"_coverageSchema":"332fd63041d2c1bcb487cc26dd0d5f7d97098a6c","hash":"11f79a4c38a70e8d0b03f95617d191c98bb7d5ef"}
,"/Users/liliiasapozhnikova/epam/project/final-task-struct/src/actions/index.js": {"path":"/Users/liliiasapozhnikova/epam/project/final-task-struct/src/actions/index.js","statementMap":{"0":{"start":{"line":13,"column":29},"end":{"line":25,"column":1}},"1":{"start":{"line":13,"column":35},"end":{"line":25,"column":1}},"2":{"start":{"line":14,"column":2},"end":{"line":14,"column":30}},"3":{"start":{"line":16,"column":23},"end":{"line":16,"column":48}},"4":{"start":{"line":17,"column":2},"end":{"line":17,"column":49}},"5":{"start":{"line":19,"column":2},"end":{"line":24,"column":5}},"6":{"start":{"line":23,"column":4},"end":{"line":23,"column":45}},"7":{"start":{"line":27,"column":34},"end":{"line":34,"column":1}},"8":{"start":{"line":27,"column":60},"end":{"line":34,"column":1}},"9":{"start":{"line":28,"column":2},"end":{"line":32,"column":3}},"10":{"start":{"line":29,"column":4},"end":{"line":29,"column":46}},"11":{"start":{"line":31,"column":4},"end":{"line":31,"column":59}},"12":{"start":{"line":31,"column":48},"end":{"line":31,"column":56}},"13":{"start":{"line":33,"column":2},"end":{"line":33,"column":28}},"14":{"start":{"line":36,"column":31},"end":{"line":38,"column":2}},"15":{"start":{"line":36,"column":38},"end":{"line":38,"column":1}},"16":{"start":{"line":40,"column":34},"end":{"line":43,"column":2}},"17":{"start":{"line":40,"column":57},"end":{"line":43,"column":1}},"18":{"start":{"line":45,"column":35},"end":{"line":48,"column":2}},"19":{"start":{"line":45,"column":51},"end":{"line":48,"column":1}}},"fnMap":{"0":{"name":"(anonymous_0)","decl":{"start":{"line":13,"column":29},"end":{"line":13,"column":30}},"loc":{"start":{"line":13,"column":35},"end":{"line":25,"column":1}},"line":13},"1":{"name":"(anonymous_1)","decl":{"start":{"line":13,"column":35},"end":{"line":13,"column":36}},"loc":{"start":{"line":13,"column":47},"end":{"line":25,"column":1}},"line":13},"2":{"name":"(anonymous_2)","decl":{"start":{"line":22,"column":10},"end":{"line":22,"column":11}},"loc":{"start":{"line":22,"column":19},"end":{"line":24,"column":3}},"line":22},"3":{"name":"(anonymous_3)","decl":{"start":{"line":27,"column":34},"end":{"line":27,"column":35}},"loc":{"start":{"line":27,"column":60},"end":{"line":34,"column":1}},"line":27},"4":{"name":"(anonymous_4)","decl":{"start":{"line":27,"column":60},"end":{"line":27,"column":61}},"loc":{"start":{"line":27,"column":72},"end":{"line":34,"column":1}},"line":27},"5":{"name":"(anonymous_5)","decl":{"start":{"line":31,"column":43},"end":{"line":31,"column":44}},"loc":{"start":{"line":31,"column":48},"end":{"line":31,"column":56}},"line":31},"6":{"name":"(anonymous_6)","decl":{"start":{"line":36,"column":31},"end":{"line":36,"column":32}},"loc":{"start":{"line":36,"column":38},"end":{"line":38,"column":1}},"line":36},"7":{"name":"(anonymous_7)","decl":{"start":{"line":40,"column":34},"end":{"line":40,"column":35}},"loc":{"start":{"line":40,"column":57},"end":{"line":43,"column":1}},"line":40},"8":{"name":"(anonymous_8)","decl":{"start":{"line":45,"column":35},"end":{"line":45,"column":36}},"loc":{"start":{"line":45,"column":51},"end":{"line":48,"column":1}},"line":45}},"branchMap":{"0":{"loc":{"start":{"line":28,"column":2},"end":{"line":32,"column":3}},"type":"if","locations":[{"start":{"line":28,"column":2},"end":{"line":32,"column":3}},{"start":{"line":28,"column":2},"end":{"line":32,"column":3}}],"line":28}},"s":{"0":5,"1":2,"2":2,"3":2,"4":2,"5":2,"6":2,"7":5,"8":0,"9":0,"10":0,"11":0,"12":0,"13":0,"14":5,"15":3,"16":5,"17":4,"18":5,"19":4},"f":{"0":2,"1":2,"2":2,"3":0,"4":0,"5":0,"6":3,"7":4,"8":4},"b":{"0":[0,0]},"_coverageSchema":"332fd63041d2c1bcb487cc26dd0d5f7d97098a6c","hash":"ea7fd3e2cf8f9cb6b5ab3f156240d8a6fe9fc458"}
,"/Users/liliiasapozhnikova/epam/project/final-task-struct/src/components/Film/components.js": {"path":"/Users/liliiasapozhnikova/epam/project/final-task-struct/src/components/Film/components.js","statementMap":{"0":{"start":{"line":3,"column":19},"end":{"line":9,"column":1}},"1":{"start":{"line":11,"column":21},"end":{"line":15,"column":1}},"2":{"start":{"line":17,"column":22},"end":{"line":20,"column":1}},"3":{"start":{"line":22,"column":20},"end":{"line":27,"column":1}},"4":{"start":{"line":29,"column":22},"end":{"line":36,"column":1}},"5":{"start":{"line":38,"column":29},"end":{"line":42,"column":1}}},"fnMap":{},"branchMap":{},"s":{"0":4,"1":4,"2":4,"3":4,"4":4,"5":4},"f":{},"b":{},"_coverageSchema":"332fd63041d2c1bcb487cc26dd0d5f7d97098a6c","hash":"6e7df7764fcbf39a4930366183131a22979a105d"}
,"/Users/liliiasapozhnikova/epam/project/final-task-struct/src/components/Film/index.js": {"path":"/Users/liliiasapozhnikova/epam/project/final-task-struct/src/components/Film/index.js","statementMap":{"0":{"start":{"line":10,"column":13},"end":{"line":36,"column":1}},"1":{"start":{"line":11,"column":2},"end":{"line":35,"column":4}},"2":{"start":{"line":26,"column":12},"end":{"line":26,"column":35}},"3":{"start":{"line":38,"column":0},"end":{"line":43,"column":2}},"4":{"start":{"line":45,"column":24},"end":{"line":47,"column":2}},"5":{"start":{"line":45,"column":34},"end":{"line":47,"column":1}},"6":{"start":{"line":49,"column":27},"end":{"line":56,"column":2}},"7":{"start":{"line":49,"column":52},"end":{"line":56,"column":1}},"8":{"start":{"line":51,"column":4},"end":{"line":51,"column":55}},"9":{"start":{"line":53,"column":48},"end":{"line":55,"column":3}},"10":{"start":{"line":54,"column":4},"end":{"line":54,"column":55}}},"fnMap":{"0":{"name":"(anonymous_0)","decl":{"start":{"line":10,"column":13},"end":{"line":10,"column":14}},"loc":{"start":{"line":10,"column":70},"end":{"line":36,"column":1}},"line":10},"1":{"name":"(anonymous_1)","decl":{"start":{"line":25,"column":44},"end":{"line":25,"column":45}},"loc":{"start":{"line":25,"column":56},"end":{"line":27,"column":11}},"line":25},"2":{"name":"(anonymous_2)","decl":{"start":{"line":45,"column":24},"end":{"line":45,"column":25}},"loc":{"start":{"line":45,"column":34},"end":{"line":47,"column":1}},"line":45},"3":{"name":"(anonymous_3)","decl":{"start":{"line":49,"column":27},"end":{"line":49,"column":28}},"loc":{"start":{"line":49,"column":52},"end":{"line":56,"column":1}},"line":49},"4":{"name":"(anonymous_4)","decl":{"start":{"line":50,"column":11},"end":{"line":50,"column":12}},"loc":{"start":{"line":50,"column":17},"end":{"line":52,"column":3}},"line":50},"5":{"name":"(anonymous_5)","decl":{"start":{"line":53,"column":22},"end":{"line":53,"column":23}},"loc":{"start":{"line":53,"column":48},"end":{"line":55,"column":3}},"line":53},"6":{"name":"(anonymous_6)","decl":{"start":{"line":53,"column":48},"end":{"line":53,"column":49}},"loc":{"start":{"line":53,"column":54},"end":{"line":55,"column":3}},"line":53}},"branchMap":{},"s":{"0":4,"1":5,"2":8,"3":4,"4":4,"5":5,"6":4,"7":5,"8":0,"9":5,"10":0},"f":{"0":5,"1":8,"2":5,"3":5,"4":0,"5":5,"6":0},"b":{},"_coverageSchema":"332fd63041d2c1bcb487cc26dd0d5f7d97098a6c","hash":"a74b957f55db58eef2d8db7918d82fe39819c4c5"}
,"/Users/liliiasapozhnikova/epam/project/final-task-struct/src/components/FilmDetails/components.js": {"path":"/Users/liliiasapozhnikova/epam/project/final-task-struct/src/components/FilmDetails/components.js","statementMap":{"0":{"start":{"line":4,"column":20},"end":{"line":8,"column":1}},"1":{"start":{"line":10,"column":24},"end":{"line":14,"column":1}},"2":{"start":{"line":16,"column":20},"end":{"line":19,"column":1}},"3":{"start":{"line":21,"column":20},"end":{"line":23,"column":1}},"4":{"start":{"line":25,"column":23},"end":{"line":29,"column":1}},"5":{"start":{"line":31,"column":19},"end":{"line":37,"column":1}},"6":{"start":{"line":39,"column":22},"end":{"line":52,"column":1}},"7":{"start":{"line":54,"column":21},"end":{"line":58,"column":1}},"8":{"start":{"line":60,"column":29},"end":{"line":64,"column":1}},"9":{"start":{"line":66,"column":20},"end":{"line":73,"column":1}},"10":{"start":{"line":75,"column":22},"end":{"line":81,"column":1}},"11":{"start":{"line":83,"column":26},"end":{"line":87,"column":1}},"12":{"start":{"line":89,"column":20},"end":{"line":98,"column":1}}},"fnMap":{},"branchMap":{},"s":{"0":4,"1":4,"2":4,"3":4,"4":4,"5":4,"6":4,"7":4,"8":4,"9":4,"10":4,"11":4,"12":4},"f":{},"b":{},"_coverageSchema":"332fd63041d2c1bcb487cc26dd0d5f7d97098a6c","hash":"ae8ea2ed1105d8b4fca25eba55d9ce37d43f168f"}
,"/Users/liliiasapozhnikova/epam/project/final-task-struct/src/components/FilmDetails/index.js": {"path":"/Users/liliiasapozhnikova/epam/project/final-task-struct/src/components/FilmDetails/index.js","statementMap":{"0":{"start":{"line":26,"column":20},"end":{"line":58,"column":1}},"1":{"start":{"line":27,"column":2},"end":{"line":57,"column":4}},"2":{"start":{"line":60,"column":0},"end":{"line":65,"column":2}},"3":{"start":{"line":67,"column":24},"end":{"line":69,"column":2}},"4":{"start":{"line":67,"column":34},"end":{"line":69,"column":1}},"5":{"start":{"line":71,"column":27},"end":{"line":78,"column":2}},"6":{"start":{"line":71,"column":40},"end":{"line":78,"column":1}},"7":{"start":{"line":73,"column":4},"end":{"line":73,"column":24}},"8":{"start":{"line":75,"column":48},"end":{"line":77,"column":3}},"9":{"start":{"line":76,"column":4},"end":{"line":76,"column":55}}},"fnMap":{"0":{"name":"(anonymous_0)","decl":{"start":{"line":26,"column":20},"end":{"line":26,"column":21}},"loc":{"start":{"line":26,"column":77},"end":{"line":58,"column":1}},"line":26},"1":{"name":"(anonymous_1)","decl":{"start":{"line":67,"column":24},"end":{"line":67,"column":25}},"loc":{"start":{"line":67,"column":34},"end":{"line":69,"column":1}},"line":67},"2":{"name":"(anonymous_2)","decl":{"start":{"line":71,"column":27},"end":{"line":71,"column":28}},"loc":{"start":{"line":71,"column":40},"end":{"line":78,"column":1}},"line":71},"3":{"name":"(anonymous_3)","decl":{"start":{"line":72,"column":11},"end":{"line":72,"column":12}},"loc":{"start":{"line":72,"column":17},"end":{"line":74,"column":3}},"line":72},"4":{"name":"(anonymous_4)","decl":{"start":{"line":75,"column":22},"end":{"line":75,"column":23}},"loc":{"start":{"line":75,"column":48},"end":{"line":77,"column":3}},"line":75},"5":{"name":"(anonymous_5)","decl":{"start":{"line":75,"column":48},"end":{"line":75,"column":49}},"loc":{"start":{"line":75,"column":54},"end":{"line":77,"column":3}},"line":75}},"branchMap":{},"s":{"0":4,"1":2,"2":4,"3":4,"4":4,"5":4,"6":1,"7":0,"8":2,"9":0},"f":{"0":2,"1":4,"2":1,"3":0,"4":2,"5":0},"b":{},"_coverageSchema":"332fd63041d2c1bcb487cc26dd0d5f7d97098a6c","hash":"866be679302abcb1538bfe6c606c528a6d5e427d"}
,"/Users/liliiasapozhnikova/epam/project/final-task-struct/src/components/Films/components.js": {"path":"/Users/liliiasapozhnikova/epam/project/final-task-struct/src/components/Films/components.js","statementMap":{"0":{"start":{"line":3,"column":25},"end":{"line":10,"column":1}}},"fnMap":{},"branchMap":{},"s":{"0":4},"f":{},"b":{},"_coverageSchema":"332fd63041d2c1bcb487cc26dd0d5f7d97098a6c","hash":"3c159da6a602bc86b57cefbed1716ee2ad95bf73"}
,"/Users/liliiasapozhnikova/epam/project/final-task-struct/src/components/Films/index.js": {"path":"/Users/liliiasapozhnikova/epam/project/final-task-struct/src/components/Films/index.js","statementMap":{"0":{"start":{"line":7,"column":14},"end":{"line":18,"column":1}},"1":{"start":{"line":8,"column":2},"end":{"line":10,"column":3}},"2":{"start":{"line":9,"column":4},"end":{"line":9,"column":28}},"3":{"start":{"line":11,"column":2},"end":{"line":17,"column":4}},"4":{"start":{"line":14,"column":8},"end":{"line":14,"column":45}},"5":{"start":{"line":20,"column":0},"end":{"line":22,"column":2}}},"fnMap":{"0":{"name":"(anonymous_0)","decl":{"start":{"line":7,"column":14},"end":{"line":7,"column":15}},"loc":{"start":{"line":7,"column":29},"end":{"line":18,"column":1}},"line":7},"1":{"name":"(anonymous_1)","decl":{"start":{"line":13,"column":17},"end":{"line":13,"column":18}},"loc":{"start":{"line":13,"column":31},"end":{"line":15,"column":7}},"line":13}},"branchMap":{"0":{"loc":{"start":{"line":8,"column":2},"end":{"line":10,"column":3}},"type":"if","locations":[{"start":{"line":8,"column":2},"end":{"line":10,"column":3}},{"start":{"line":8,"column":2},"end":{"line":10,"column":3}}],"line":8}},"s":{"0":4,"1":8,"2":5,"3":3,"4":5,"5":4},"f":{"0":8,"1":5},"b":{"0":[5,3]},"_coverageSchema":"332fd63041d2c1bcb487cc26dd0d5f7d97098a6c","hash":"c1e28b65c2600d2928fa65df2e6802e76dd9e4e9"}
,"/Users/liliiasapozhnikova/epam/project/final-task-struct/src/components/Header/components.js": {"path":"/Users/liliiasapozhnikova/epam/project/final-task-struct/src/components/Header/components.js","statementMap":{"0":{"start":{"line":3,"column":31},"end":{"line":18,"column":1}}},"fnMap":{},"branchMap":{},"s":{"0":5},"f":{},"b":{},"_coverageSchema":"332fd63041d2c1bcb487cc26dd0d5f7d97098a6c","hash":"c7b431fe60813d4de9cce6f83a54d6e1f2057786"}
,"/Users/liliiasapozhnikova/epam/project/final-task-struct/src/components/Header/index.js": {"path":"/Users/liliiasapozhnikova/epam/project/final-task-struct/src/components/Header/index.js","statementMap":{"0":{"start":{"line":5,"column":15},"end":{"line":12,"column":1}},"1":{"start":{"line":6,"column":2},"end":{"line":11,"column":4}},"2":{"start":{"line":14,"column":0},"end":{"line":17,"column":2}}},"fnMap":{"0":{"name":"(anonymous_0)","decl":{"start":{"line":5,"column":15},"end":{"line":5,"column":16}},"loc":{"start":{"line":5,"column":44},"end":{"line":12,"column":1}},"line":5}},"branchMap":{},"s":{"0":5,"1":7,"2":5},"f":{"0":7},"b":{},"_coverageSchema":"332fd63041d2c1bcb487cc26dd0d5f7d97098a6c","hash":"350411abca11592f5751ec051bb6b08a343c8c06"}
,"/Users/liliiasapozhnikova/epam/project/final-task-struct/src/components/NoFilmsFound/components.js": {"path":"/Users/liliiasapozhnikova/epam/project/final-task-struct/src/components/NoFilmsFound/components.js","statementMap":{"0":{"start":{"line":3,"column":23},"end":{"line":10,"column":1}}},"fnMap":{},"branchMap":{},"s":{"0":4},"f":{},"b":{},"_coverageSchema":"332fd63041d2c1bcb487cc26dd0d5f7d97098a6c","hash":"8f1e9ab14c3a5f35f0278f472f857bfadbd1eaae"}
,"/Users/liliiasapozhnikova/epam/project/final-task-struct/src/components/NoFilmsFound/index.js": {"path":"/Users/liliiasapozhnikova/epam/project/final-task-struct/src/components/NoFilmsFound/index.js","statementMap":{"0":{"start":{"line":4,"column":28},"end":{"line":6,"column":1}},"1":{"start":{"line":5,"column":2},"end":{"line":5,"column":43}}},"fnMap":{"0":{"name":"(anonymous_0)","decl":{"start":{"line":4,"column":28},"end":{"line":4,"column":29}},"loc":{"start":{"line":4,"column":34},"end":{"line":6,"column":1}},"line":4}},"branchMap":{},"s":{"0":4,"1":6},"f":{"0":6},"b":{},"_coverageSchema":"332fd63041d2c1bcb487cc26dd0d5f7d97098a6c","hash":"28af406e60069de59cae84e5149e28a31cceb4ae"}
,"/Users/liliiasapozhnikova/epam/project/final-task-struct/src/components/SearchInformation/components.js": {"path":"/Users/liliiasapozhnikova/epam/project/final-task-struct/src/components/SearchInformation/components.js","statementMap":{"0":{"start":{"line":3,"column":25},"end":{"line":8,"column":1}},"1":{"start":{"line":6,"column":20},"end":{"line":6,"column":46}},"2":{"start":{"line":9,"column":24},"end":{"line":14,"column":1}},"3":{"start":{"line":16,"column":27},"end":{"line":18,"column":1}}},"fnMap":{"0":{"name":"(anonymous_0)","decl":{"start":{"line":6,"column":4},"end":{"line":6,"column":5}},"loc":{"start":{"line":6,"column":20},"end":{"line":6,"column":46}},"line":6}},"branchMap":{"0":{"loc":{"start":{"line":6,"column":20},"end":{"line":6,"column":46}},"type":"binary-expr","locations":[{"start":{"line":6,"column":20},"end":{"line":6,"column":26}},{"start":{"line":6,"column":30},"end":{"line":6,"column":46}}],"line":6}},"s":{"0":4,"1":4,"2":4,"3":4},"f":{"0":4},"b":{"0":[4,2]},"_coverageSchema":"332fd63041d2c1bcb487cc26dd0d5f7d97098a6c","hash":"856fd7bdb1a5e2df4f07c110ad2786136bdc3a87"}
,"/Users/liliiasapozhnikova/epam/project/final-task-struct/src/components/SearchInformation/index.js": {"path":"/Users/liliiasapozhnikova/epam/project/final-task-struct/src/components/SearchInformation/index.js","statementMap":{"0":{"start":{"line":6,"column":26},"end":{"line":27,"column":1}},"1":{"start":{"line":7,"column":2},"end":{"line":26,"column":4}},"2":{"start":{"line":13,"column":25},"end":{"line":13,"column":45}},"3":{"start":{"line":19,"column":25},"end":{"line":19,"column":48}},"4":{"start":{"line":29,"column":0},"end":{"line":33,"column":2}}},"fnMap":{"0":{"name":"(anonymous_0)","decl":{"start":{"line":6,"column":26},"end":{"line":6,"column":27}},"loc":{"start":{"line":6,"column":69},"end":{"line":27,"column":1}},"line":6},"1":{"name":"(anonymous_1)","decl":{"start":{"line":13,"column":19},"end":{"line":13,"column":20}},"loc":{"start":{"line":13,"column":25},"end":{"line":13,"column":45}},"line":13},"2":{"name":"(anonymous_2)","decl":{"start":{"line":19,"column":19},"end":{"line":19,"column":20}},"loc":{"start":{"line":19,"column":25},"end":{"line":19,"column":48}},"line":19}},"branchMap":{},"s":{"0":4,"1":2,"2":0,"3":0,"4":4},"f":{"0":2,"1":0,"2":0},"b":{},"_coverageSchema":"332fd63041d2c1bcb487cc26dd0d5f7d97098a6c","hash":"1022ea02e35048206a99fe9b8754005de3485e49"}
,"/Users/liliiasapozhnikova/epam/project/final-task-struct/src/components/UI/index.js": {"path":"/Users/liliiasapozhnikova/epam/project/final-task-struct/src/components/UI/index.js","statementMap":{"0":{"start":{"line":3,"column":20},"end":{"line":80,"column":1}},"1":{"start":{"line":16,"column":4},"end":{"line":17,"column":96}},"2":{"start":{"line":33,"column":6},"end":{"line":34,"column":98}},"3":{"start":{"line":82,"column":19},"end":{"line":92,"column":1}},"4":{"start":{"line":94,"column":22},"end":{"line":101,"column":1}},"5":{"start":{"line":103,"column":21},"end":{"line":108,"column":1}}},"fnMap":{"0":{"name":"(anonymous_0)","decl":{"start":{"line":15,"column":4},"end":{"line":15,"column":5}},"loc":{"start":{"line":16,"column":4},"end":{"line":17,"column":96}},"line":16},"1":{"name":"(anonymous_1)","decl":{"start":{"line":32,"column":6},"end":{"line":32,"column":7}},"loc":{"start":{"line":33,"column":6},"end":{"line":34,"column":98}},"line":33}},"branchMap":{"0":{"loc":{"start":{"line":16,"column":4},"end":{"line":17,"column":96}},"type":"binary-expr","locations":[{"start":{"line":16,"column":4},"end":{"line":16,"column":10}},{"start":{"line":17,"column":4},"end":{"line":17,"column":96}}],"line":16},"1":{"loc":{"start":{"line":33,"column":6},"end":{"line":34,"column":98}},"type":"binary-expr","locations":[{"start":{"line":33,"column":6},"end":{"line":33,"column":12}},{"start":{"line":34,"column":6},"end":{"line":34,"column":98}}],"line":33}},"s":{"0":5,"1":7,"2":7,"3":5,"4":5,"5":5},"f":{"0":7,"1":7},"b":{"0":[7,0],"1":[7,0]},"_coverageSchema":"332fd63041d2c1bcb487cc26dd0d5f7d97098a6c","hash":"a108e946fa8a1fd41d00216a0ffe4b261903ec5c"}
,"/Users/liliiasapozhnikova/epam/project/final-task-struct/src/constants/index.js": {"path":"/Users/liliiasapozhnikova/epam/project/final-task-struct/src/constants/index.js","statementMap":{"0":{"start":{"line":1,"column":33},"end":{"line":1,"column":59}},"1":{"start":{"line":2,"column":36},"end":{"line":2,"column":58}},"2":{"start":{"line":3,"column":37},"end":{"line":3,"column":60}}},"fnMap":{},"branchMap":{},"s":{"0":5,"1":5,"2":5},"f":{},"b":{},"_coverageSchema":"332fd63041d2c1bcb487cc26dd0d5f7d97098a6c","hash":"d16f1178cbbeec0411286623ca1c27fa7882d442"}
,"/Users/liliiasapozhnikova/epam/project/final-task-struct/src/containers/App/index.js": {"path":"/Users/liliiasapozhnikova/epam/project/final-task-struct/src/containers/App/index.js","statementMap":{"0":{"start":{"line":17,"column":12},"end":{"line":34,"column":1}},"1":{"start":{"line":18,"column":2},"end":{"line":33,"column":4}}},"fnMap":{"0":{"name":"(anonymous_0)","decl":{"start":{"line":17,"column":12},"end":{"line":17,"column":13}},"loc":{"start":{"line":17,"column":36},"end":{"line":34,"column":1}},"line":17}},"branchMap":{},"s":{"0":4,"1":5},"f":{"0":5},"b":{},"_coverageSchema":"332fd63041d2c1bcb487cc26dd0d5f7d97098a6c","hash":"e556f9b58abf5eda9cce6ba866dcfb4221e40b69"}
,"/Users/liliiasapozhnikova/epam/project/final-task-struct/src/containers/ConnectedApp/index.js": {"path":"/Users/liliiasapozhnikova/epam/project/final-task-struct/src/containers/ConnectedApp/index.js","statementMap":{"0":{"start":{"line":1,"column":0},"end":{"line":null,"column":-1}},"1":{"start":{"line":2,"column":0},"end":{"line":null,"column":-1}},"2":{"start":{"line":3,"column":0},"end":{"line":null,"column":-1}},"3":{"start":{"line":4,"column":0},"end":{"line":null,"column":-1}},"4":{"start":{"line":5,"column":0},"end":{"line":null,"column":-1}},"5":{"start":{"line":7,"column":16},"end":{"line":7,"column":0}},"6":{"start":{"line":8,"column":14},"end":{"line":8,"column":0}},"7":{"start":{"line":12,"column":4},"end":{"line":null,"column":-1}}},"fnMap":{},"branchMap":{},"s":{"0":0,"1":0,"2":0,"3":0,"4":0,"5":0,"6":0,"7":0},"f":{},"b":{}}
,"/Users/liliiasapozhnikova/epam/project/final-task-struct/src/containers/FavoriteFilmsPage/components.js": {"path":"/Users/liliiasapozhnikova/epam/project/final-task-struct/src/containers/FavoriteFilmsPage/components.js","statementMap":{"0":{"start":{"line":4,"column":35},"end":{"line":12,"column":1}},"1":{"start":{"line":13,"column":26},"end":{"line":17,"column":1}}},"fnMap":{},"branchMap":{},"s":{"0":4,"1":4},"f":{},"b":{},"_coverageSchema":"332fd63041d2c1bcb487cc26dd0d5f7d97098a6c","hash":"b8ac3fe33e0a26a9b626a358beff06faf5f97fef"}
,"/Users/liliiasapozhnikova/epam/project/final-task-struct/src/containers/FavoriteFilmsPage/index.js": {"path":"/Users/liliiasapozhnikova/epam/project/final-task-struct/src/containers/FavoriteFilmsPage/index.js","statementMap":{"0":{"start":{"line":12,"column":4},"end":{"line":12,"column":20}},"1":{"start":{"line":15,"column":19},"end":{"line":15,"column":55}},"2":{"start":{"line":18,"column":4},"end":{"line":18,"column":35}},"3":{"start":{"line":22,"column":4},"end":{"line":24,"column":5}},"4":{"start":{"line":23,"column":6},"end":{"line":23,"column":35}},"5":{"start":{"line":25,"column":4},"end":{"line":35,"column":6}},"6":{"start":{"line":39,"column":24},"end":{"line":43,"column":2}},"7":{"start":{"line":39,"column":34},"end":{"line":43,"column":1}}},"fnMap":{"0":{"name":"(anonymous_0)","decl":{"start":{"line":11,"column":2},"end":{"line":11,"column":3}},"loc":{"start":{"line":11,"column":22},"end":{"line":13,"column":3}},"line":11},"1":{"name":"(anonymous_1)","decl":{"start":{"line":15,"column":13},"end":{"line":15,"column":14}},"loc":{"start":{"line":15,"column":19},"end":{"line":15,"column":55}},"line":15},"2":{"name":"(anonymous_2)","decl":{"start":{"line":17,"column":15},"end":{"line":17,"column":16}},"loc":{"start":{"line":17,"column":21},"end":{"line":19,"column":3}},"line":17},"3":{"name":"(anonymous_3)","decl":{"start":{"line":21,"column":2},"end":{"line":21,"column":3}},"loc":{"start":{"line":21,"column":11},"end":{"line":36,"column":3}},"line":21},"4":{"name":"(anonymous_4)","decl":{"start":{"line":39,"column":24},"end":{"line":39,"column":25}},"loc":{"start":{"line":39,"column":34},"end":{"line":43,"column":1}},"line":39}},"branchMap":{"0":{"loc":{"start":{"line":22,"column":4},"end":{"line":24,"column":5}},"type":"if","locations":[{"start":{"line":22,"column":4},"end":{"line":24,"column":5}},{"start":{"line":22,"column":4},"end":{"line":24,"column":5}}],"line":22}},"s":{"0":1,"1":1,"2":0,"3":3,"4":0,"5":3,"6":4,"7":3},"f":{"0":1,"1":1,"2":0,"3":3,"4":3},"b":{"0":[0,3]},"_coverageSchema":"332fd63041d2c1bcb487cc26dd0d5f7d97098a6c","hash":"48df6a81e874735e966f904cec9830ac4e6b1467"}
,"/Users/liliiasapozhnikova/epam/project/final-task-struct/src/containers/FilmPage/actions.js": {"path":"/Users/liliiasapozhnikova/epam/project/final-task-struct/src/containers/FilmPage/actions.js","statementMap":{"0":{"start":{"line":5,"column":29},"end":{"line":20,"column":1}},"1":{"start":{"line":5,"column":41},"end":{"line":20,"column":1}},"2":{"start":{"line":6,"column":2},"end":{"line":6,"column":30}},"3":{"start":{"line":8,"column":2},"end":{"line":19,"column":5}},"4":{"start":{"line":9,"column":4},"end":{"line":9,"column":35}},"5":{"start":{"line":11,"column":4},"end":{"line":18,"column":7}},"6":{"start":{"line":15,"column":6},"end":{"line":17,"column":8}},"7":{"start":{"line":16,"column":47},"end":{"line":16,"column":68}},"8":{"start":{"line":22,"column":31},"end":{"line":24,"column":2}},"9":{"start":{"line":22,"column":38},"end":{"line":24,"column":1}},"10":{"start":{"line":26,"column":26},"end":{"line":29,"column":2}},"11":{"start":{"line":26,"column":41},"end":{"line":29,"column":1}},"12":{"start":{"line":31,"column":27},"end":{"line":34,"column":2}},"13":{"start":{"line":31,"column":43},"end":{"line":34,"column":1}}},"fnMap":{"0":{"name":"(anonymous_0)","decl":{"start":{"line":5,"column":29},"end":{"line":5,"column":30}},"loc":{"start":{"line":5,"column":41},"end":{"line":20,"column":1}},"line":5},"1":{"name":"(anonymous_1)","decl":{"start":{"line":5,"column":41},"end":{"line":5,"column":42}},"loc":{"start":{"line":5,"column":53},"end":{"line":20,"column":1}},"line":5},"2":{"name":"(anonymous_2)","decl":{"start":{"line":8,"column":25},"end":{"line":8,"column":26}},"loc":{"start":{"line":8,"column":33},"end":{"line":19,"column":3}},"line":8},"3":{"name":"(anonymous_3)","decl":{"start":{"line":14,"column":12},"end":{"line":14,"column":13}},"loc":{"start":{"line":14,"column":21},"end":{"line":18,"column":5}},"line":14},"4":{"name":"(anonymous_4)","decl":{"start":{"line":16,"column":42},"end":{"line":16,"column":43}},"loc":{"start":{"line":16,"column":47},"end":{"line":16,"column":68}},"line":16},"5":{"name":"(anonymous_5)","decl":{"start":{"line":22,"column":31},"end":{"line":22,"column":32}},"loc":{"start":{"line":22,"column":38},"end":{"line":24,"column":1}},"line":22},"6":{"name":"(anonymous_6)","decl":{"start":{"line":26,"column":26},"end":{"line":26,"column":27}},"loc":{"start":{"line":26,"column":41},"end":{"line":29,"column":1}},"line":26},"7":{"name":"(anonymous_7)","decl":{"start":{"line":31,"column":27},"end":{"line":31,"column":28}},"loc":{"start":{"line":31,"column":43},"end":{"line":34,"column":1}},"line":31}},"branchMap":{},"s":{"0":4,"1":2,"2":2,"3":2,"4":2,"5":2,"6":2,"7":4,"8":4,"9":3,"10":4,"11":5,"12":4,"13":4},"f":{"0":2,"1":2,"2":2,"3":2,"4":4,"5":3,"6":5,"7":4},"b":{},"_coverageSchema":"332fd63041d2c1bcb487cc26dd0d5f7d97098a6c","hash":"8f4a2bef84e82ac3df607ddf1a29ccec73cda048"}
,"/Users/liliiasapozhnikova/epam/project/final-task-struct/src/containers/FilmPage/constants.js": {"path":"/Users/liliiasapozhnikova/epam/project/final-task-struct/src/containers/FilmPage/constants.js","statementMap":{"0":{"start":{"line":1,"column":33},"end":{"line":1,"column":61}},"1":{"start":{"line":2,"column":28},"end":{"line":2,"column":51}},"2":{"start":{"line":3,"column":27},"end":{"line":3,"column":49}}},"fnMap":{},"branchMap":{},"s":{"0":5,"1":5,"2":5},"f":{},"b":{},"_coverageSchema":"332fd63041d2c1bcb487cc26dd0d5f7d97098a6c","hash":"6c5d06a6f2fdc000b81fc806a398d0061778a921"}
,"/Users/liliiasapozhnikova/epam/project/final-task-struct/src/containers/FilmPage/index.js": {"path":"/Users/liliiasapozhnikova/epam/project/final-task-struct/src/containers/FilmPage/index.js","statementMap":{"0":{"start":{"line":10,"column":4},"end":{"line":10,"column":30}},"1":{"start":{"line":14,"column":4},"end":{"line":16,"column":5}},"2":{"start":{"line":15,"column":6},"end":{"line":15,"column":31}},"3":{"start":{"line":20,"column":4},"end":{"line":20,"column":61}},"4":{"start":{"line":24,"column":4},"end":{"line":26,"column":5}},"5":{"start":{"line":25,"column":6},"end":{"line":25,"column":35}},"6":{"start":{"line":27,"column":4},"end":{"line":32,"column":6}},"7":{"start":{"line":36,"column":24},"end":{"line":41,"column":2}},"8":{"start":{"line":36,"column":46},"end":{"line":41,"column":1}}},"fnMap":{"0":{"name":"(anonymous_0)","decl":{"start":{"line":9,"column":2},"end":{"line":9,"column":3}},"loc":{"start":{"line":9,"column":22},"end":{"line":11,"column":3}},"line":9},"1":{"name":"(anonymous_1)","decl":{"start":{"line":13,"column":2},"end":{"line":13,"column":3}},"loc":{"start":{"line":13,"column":39},"end":{"line":17,"column":3}},"line":13},"2":{"name":"(anonymous_2)","decl":{"start":{"line":19,"column":13},"end":{"line":19,"column":14}},"loc":{"start":{"line":19,"column":22},"end":{"line":21,"column":3}},"line":19},"3":{"name":"(anonymous_3)","decl":{"start":{"line":23,"column":2},"end":{"line":23,"column":3}},"loc":{"start":{"line":23,"column":11},"end":{"line":33,"column":3}},"line":23},"4":{"name":"(anonymous_4)","decl":{"start":{"line":36,"column":24},"end":{"line":36,"column":25}},"loc":{"start":{"line":36,"column":46},"end":{"line":41,"column":1}},"line":36}},"branchMap":{"0":{"loc":{"start":{"line":14,"column":4},"end":{"line":16,"column":5}},"type":"if","locations":[{"start":{"line":14,"column":4},"end":{"line":16,"column":5}},{"start":{"line":14,"column":4},"end":{"line":16,"column":5}}],"line":14},"1":{"loc":{"start":{"line":24,"column":4},"end":{"line":26,"column":5}},"type":"if","locations":[{"start":{"line":24,"column":4},"end":{"line":26,"column":5}},{"start":{"line":24,"column":4},"end":{"line":26,"column":5}}],"line":24}},"s":{"0":1,"1":2,"2":0,"3":1,"4":3,"5":0,"6":3,"7":4,"8":4},"f":{"0":1,"1":2,"2":1,"3":3,"4":4},"b":{"0":[0,2],"1":[0,3]},"_coverageSchema":"332fd63041d2c1bcb487cc26dd0d5f7d97098a6c","hash":"52c3ba5718646ee954f86459ec432caa7bfcc8b4"}
,"/Users/liliiasapozhnikova/epam/project/final-task-struct/src/containers/FilmPage/reducer.js": {"path":"/Users/liliiasapozhnikova/epam/project/final-task-struct/src/containers/FilmPage/reducer.js","statementMap":{"0":{"start":{"line":3,"column":22},"end":{"line":7,"column":1}},"1":{"start":{"line":10,"column":2},"end":{"line":19,"column":3}},"2":{"start":{"line":12,"column":6},"end":{"line":12,"column":43}},"3":{"start":{"line":14,"column":6},"end":{"line":14,"column":65}},"4":{"start":{"line":16,"column":6},"end":{"line":16,"column":45}},"5":{"start":{"line":18,"column":6},"end":{"line":18,"column":19}}},"fnMap":{"0":{"name":"(anonymous_0)","decl":{"start":{"line":9,"column":15},"end":{"line":9,"column":16}},"loc":{"start":{"line":9,"column":50},"end":{"line":20,"column":1}},"line":9}},"branchMap":{"0":{"loc":{"start":{"line":9,"column":16},"end":{"line":9,"column":37}},"type":"default-arg","locations":[{"start":{"line":9,"column":24},"end":{"line":9,"column":37}}],"line":9},"1":{"loc":{"start":{"line":10,"column":2},"end":{"line":19,"column":3}},"type":"switch","locations":[{"start":{"line":11,"column":4},"end":{"line":12,"column":43}},{"start":{"line":13,"column":4},"end":{"line":14,"column":65}},{"start":{"line":15,"column":4},"end":{"line":16,"column":45}},{"start":{"line":17,"column":4},"end":{"line":18,"column":19}}],"line":10}},"s":{"0":5,"1":48,"2":2,"3":3,"4":4,"5":39},"f":{"0":48},"b":{"0":[22],"1":[2,3,4,39]},"_coverageSchema":"332fd63041d2c1bcb487cc26dd0d5f7d97098a6c","hash":"0194e93e5aa9de5d7ed6213dd46daaedd758552c"}
,"/Users/liliiasapozhnikova/epam/project/final-task-struct/src/containers/HomePage/index.js": {"path":"/Users/liliiasapozhnikova/epam/project/final-task-struct/src/containers/HomePage/index.js","statementMap":{"0":{"start":{"line":6,"column":17},"end":{"line":14,"column":1}},"1":{"start":{"line":7,"column":2},"end":{"line":13,"column":4}}},"fnMap":{"0":{"name":"(anonymous_0)","decl":{"start":{"line":6,"column":17},"end":{"line":6,"column":18}},"loc":{"start":{"line":6,"column":23},"end":{"line":14,"column":1}},"line":6}},"branchMap":{},"s":{"0":4,"1":1},"f":{"0":1},"b":{},"_coverageSchema":"332fd63041d2c1bcb487cc26dd0d5f7d97098a6c","hash":"6218a9f4514c114571673fa22e9522c1dd279f98"}
,"/Users/liliiasapozhnikova/epam/project/final-task-struct/src/containers/NotFoundPage/index.js": {"path":"/Users/liliiasapozhnikova/epam/project/final-task-struct/src/containers/NotFoundPage/index.js","statementMap":{"0":{"start":{"line":2,"column":21},"end":{"line":2,"column":50}},"1":{"start":{"line":2,"column":27},"end":{"line":2,"column":50}}},"fnMap":{"0":{"name":"(anonymous_0)","decl":{"start":{"line":2,"column":21},"end":{"line":2,"column":22}},"loc":{"start":{"line":2,"column":27},"end":{"line":2,"column":50}},"line":2}},"branchMap":{},"s":{"0":4,"1":1},"f":{"0":1},"b":{},"_coverageSchema":"332fd63041d2c1bcb487cc26dd0d5f7d97098a6c","hash":"ba7029d46a41f96cbacefb1fd087a49700dacf0c"}
,"/Users/liliiasapozhnikova/epam/project/final-task-struct/src/containers/SearchPage/actions.js": {"path":"/Users/liliiasapozhnikova/epam/project/final-task-struct/src/containers/SearchPage/actions.js","statementMap":{"0":{"start":{"line":4,"column":29},"end":{"line":13,"column":1}},"1":{"start":{"line":4,"column":60},"end":{"line":13,"column":1}},"2":{"start":{"line":5,"column":2},"end":{"line":5,"column":30}},"3":{"start":{"line":6,"column":2},"end":{"line":12,"column":3}},"4":{"start":{"line":7,"column":4},"end":{"line":7,"column":40}},"5":{"start":{"line":9,"column":4},"end":{"line":11,"column":7}},"6":{"start":{"line":10,"column":6},"end":{"line":10,"column":38}},"7":{"start":{"line":15,"column":31},"end":{"line":17,"column":2}},"8":{"start":{"line":15,"column":38},"end":{"line":17,"column":1}},"9":{"start":{"line":19,"column":26},"end":{"line":22,"column":2}},"10":{"start":{"line":19,"column":42},"end":{"line":22,"column":1}}},"fnMap":{"0":{"name":"(anonymous_0)","decl":{"start":{"line":4,"column":29},"end":{"line":4,"column":30}},"loc":{"start":{"line":4,"column":60},"end":{"line":13,"column":1}},"line":4},"1":{"name":"(anonymous_1)","decl":{"start":{"line":4,"column":60},"end":{"line":4,"column":61}},"loc":{"start":{"line":4,"column":72},"end":{"line":13,"column":1}},"line":4},"2":{"name":"(anonymous_2)","decl":{"start":{"line":9,"column":47},"end":{"line":9,"column":48}},"loc":{"start":{"line":9,"column":56},"end":{"line":11,"column":5}},"line":9},"3":{"name":"(anonymous_3)","decl":{"start":{"line":15,"column":31},"end":{"line":15,"column":32}},"loc":{"start":{"line":15,"column":38},"end":{"line":17,"column":1}},"line":15},"4":{"name":"(anonymous_4)","decl":{"start":{"line":19,"column":26},"end":{"line":19,"column":27}},"loc":{"start":{"line":19,"column":42},"end":{"line":22,"column":1}},"line":19}},"branchMap":{"0":{"loc":{"start":{"line":6,"column":2},"end":{"line":12,"column":3}},"type":"if","locations":[{"start":{"line":6,"column":2},"end":{"line":12,"column":3}},{"start":{"line":6,"column":2},"end":{"line":12,"column":3}}],"line":6}},"s":{"0":4,"1":4,"2":4,"3":4,"4":0,"5":4,"6":4,"7":4,"8":5,"9":4,"10":6},"f":{"0":4,"1":4,"2":4,"3":5,"4":6},"b":{"0":[0,4]},"_coverageSchema":"332fd63041d2c1bcb487cc26dd0d5f7d97098a6c","hash":"0a59b31519ae1403ab48b5500b6726ac1a787f35"}
,"/Users/liliiasapozhnikova/epam/project/final-task-struct/src/containers/SearchPage/constants.js": {"path":"/Users/liliiasapozhnikova/epam/project/final-task-struct/src/containers/SearchPage/constants.js","statementMap":{"0":{"start":{"line":1,"column":33},"end":{"line":1,"column":63}},"1":{"start":{"line":2,"column":27},"end":{"line":2,"column":51}}},"fnMap":{},"branchMap":{},"s":{"0":5,"1":5},"f":{},"b":{},"_coverageSchema":"332fd63041d2c1bcb487cc26dd0d5f7d97098a6c","hash":"33c59531655ede1e06a01607a927ceb4377e1f83"}
,"/Users/liliiasapozhnikova/epam/project/final-task-struct/src/containers/SearchPage/index.js": {"path":"/Users/liliiasapozhnikova/epam/project/final-task-struct/src/containers/SearchPage/index.js","statementMap":{"0":{"start":{"line":17,"column":4},"end":{"line":17,"column":30}},"1":{"start":{"line":21,"column":4},"end":{"line":23,"column":5}},"2":{"start":{"line":22,"column":6},"end":{"line":22,"column":31}},"3":{"start":{"line":27,"column":30},"end":{"line":27,"column":70}},"4":{"start":{"line":28,"column":19},"end":{"line":28,"column":36}},"5":{"start":{"line":30,"column":4},"end":{"line":30,"column":66}},"6":{"start":{"line":34,"column":4},"end":{"line":39,"column":6}},"7":{"start":{"line":38,"column":12},"end":{"line":38,"column":37}},"8":{"start":{"line":43,"column":4},"end":{"line":45,"column":5}},"9":{"start":{"line":44,"column":6},"end":{"line":44,"column":35}},"10":{"start":{"line":46,"column":4},"end":{"line":56,"column":6}},"11":{"start":{"line":60,"column":22},"end":{"line":63,"column":2}},"12":{"start":{"line":60,"column":32},"end":{"line":63,"column":1}}},"fnMap":{"0":{"name":"(anonymous_0)","decl":{"start":{"line":16,"column":2},"end":{"line":16,"column":3}},"loc":{"start":{"line":16,"column":22},"end":{"line":18,"column":3}},"line":16},"1":{"name":"(anonymous_1)","decl":{"start":{"line":20,"column":2},"end":{"line":20,"column":3}},"loc":{"start":{"line":20,"column":39},"end":{"line":24,"column":3}},"line":20},"2":{"name":"(anonymous_2)","decl":{"start":{"line":26,"column":13},"end":{"line":26,"column":14}},"loc":{"start":{"line":26,"column":22},"end":{"line":31,"column":3}},"line":26},"3":{"name":"(anonymous_3)","decl":{"start":{"line":33,"column":17},"end":{"line":33,"column":18}},"loc":{"start":{"line":33,"column":27},"end":{"line":40,"column":3}},"line":33},"4":{"name":"(anonymous_4)","decl":{"start":{"line":38,"column":6},"end":{"line":38,"column":7}},"loc":{"start":{"line":38,"column":12},"end":{"line":38,"column":37}},"line":38},"5":{"name":"(anonymous_5)","decl":{"start":{"line":42,"column":2},"end":{"line":42,"column":3}},"loc":{"start":{"line":42,"column":11},"end":{"line":57,"column":3}},"line":42},"6":{"name":"(anonymous_6)","decl":{"start":{"line":60,"column":22},"end":{"line":60,"column":23}},"loc":{"start":{"line":60,"column":32},"end":{"line":63,"column":1}},"line":60}},"branchMap":{"0":{"loc":{"start":{"line":21,"column":4},"end":{"line":23,"column":5}},"type":"if","locations":[{"start":{"line":21,"column":4},"end":{"line":23,"column":5}},{"start":{"line":21,"column":4},"end":{"line":23,"column":5}}],"line":21},"1":{"loc":{"start":{"line":43,"column":4},"end":{"line":45,"column":5}},"type":"if","locations":[{"start":{"line":43,"column":4},"end":{"line":45,"column":5}},{"start":{"line":43,"column":4},"end":{"line":45,"column":5}}],"line":43}},"s":{"0":2,"1":1,"2":0,"3":3,"4":3,"5":3,"6":1,"7":1,"8":4,"9":0,"10":4,"11":4,"12":8},"f":{"0":2,"1":1,"2":3,"3":1,"4":1,"5":4,"6":8},"b":{"0":[0,1],"1":[0,4]},"_coverageSchema":"332fd63041d2c1bcb487cc26dd0d5f7d97098a6c","hash":"420fbc2bc57a4f01794dc2ada0a4145a01154c78"}
,"/Users/liliiasapozhnikova/epam/project/final-task-struct/src/containers/SearchPage/reducer.js": {"path":"/Users/liliiasapozhnikova/epam/project/final-task-struct/src/containers/SearchPage/reducer.js","statementMap":{"0":{"start":{"line":3,"column":29},"end":{"line":6,"column":1}},"1":{"start":{"line":9,"column":2},"end":{"line":16,"column":3}},"2":{"start":{"line":11,"column":6},"end":{"line":11,"column":43}},"3":{"start":{"line":13,"column":6},"end":{"line":13,"column":65}},"4":{"start":{"line":15,"column":6},"end":{"line":15,"column":19}}},"fnMap":{"0":{"name":"(anonymous_0)","decl":{"start":{"line":8,"column":15},"end":{"line":8,"column":16}},"loc":{"start":{"line":8,"column":50},"end":{"line":17,"column":1}},"line":8}},"branchMap":{"0":{"loc":{"start":{"line":8,"column":16},"end":{"line":8,"column":37}},"type":"default-arg","locations":[{"start":{"line":8,"column":24},"end":{"line":8,"column":37}}],"line":8},"1":{"loc":{"start":{"line":9,"column":2},"end":{"line":16,"column":3}},"type":"switch","locations":[{"start":{"line":10,"column":4},"end":{"line":11,"column":43}},{"start":{"line":12,"column":4},"end":{"line":13,"column":65}},{"start":{"line":14,"column":4},"end":{"line":15,"column":19}}],"line":9}},"s":{"0":5,"1":46,"2":4,"3":5,"4":37},"f":{"0":46},"b":{"0":[21],"1":[4,5,37]},"_coverageSchema":"332fd63041d2c1bcb487cc26dd0d5f7d97098a6c","hash":"5914c4ff94e1750426097cfdd74ea0523eb3c599"}
,"/Users/liliiasapozhnikova/epam/project/final-task-struct/src/containers/Searcher/components.js": {"path":"/Users/liliiasapozhnikova/epam/project/final-task-struct/src/containers/Searcher/components.js","statementMap":{"0":{"start":{"line":4,"column":20},"end":{"line":8,"column":1}},"1":{"start":{"line":10,"column":24},"end":{"line":20,"column":1}},"2":{"start":{"line":22,"column":22},"end":{"line":33,"column":1}},"3":{"start":{"line":28,"column":20},"end":{"line":28,"column":57}},"4":{"start":{"line":35,"column":28},"end":{"line":46,"column":1}},"5":{"start":{"line":48,"column":21},"end":{"line":59,"column":1}},"6":{"start":{"line":61,"column":26},"end":{"line":69,"column":1}},"7":{"start":{"line":71,"column":26},"end":{"line":75,"column":1}}},"fnMap":{"0":{"name":"(anonymous_0)","decl":{"start":{"line":28,"column":4},"end":{"line":28,"column":5}},"loc":{"start":{"line":28,"column":20},"end":{"line":28,"column":57}},"line":28}},"branchMap":{"0":{"loc":{"start":{"line":28,"column":20},"end":{"line":28,"column":57}},"type":"binary-expr","locations":[{"start":{"line":28,"column":20},"end":{"line":28,"column":26}},{"start":{"line":28,"column":30},"end":{"line":28,"column":57}}],"line":28}},"s":{"0":5,"1":5,"2":5,"3":4,"4":5,"5":5,"6":5,"7":5},"f":{"0":4},"b":{"0":[4,2]},"_coverageSchema":"332fd63041d2c1bcb487cc26dd0d5f7d97098a6c","hash":"160e2fcc5632316930b9e2907b77504035b2e6c8"}
,"/Users/liliiasapozhnikova/epam/project/final-task-struct/src/containers/Searcher/index.js": {"path":"/Users/liliiasapozhnikova/epam/project/final-task-struct/src/containers/Searcher/index.js","statementMap":{"0":{"start":{"line":24,"column":4},"end":{"line":24,"column":23}},"1":{"start":{"line":25,"column":4},"end":{"line":28,"column":7}},"2":{"start":{"line":32,"column":4},"end":{"line":34,"column":7}},"3":{"start":{"line":37,"column":31},"end":{"line":42,"column":3}},"4":{"start":{"line":38,"column":4},"end":{"line":38,"column":23}},"5":{"start":{"line":39,"column":4},"end":{"line":41,"column":7}},"6":{"start":{"line":45,"column":4},"end":{"line":45,"column":43}},"7":{"start":{"line":49,"column":4},"end":{"line":49,"column":61}},"8":{"start":{"line":53,"column":4},"end":{"line":82,"column":6}}},"fnMap":{"0":{"name":"(anonymous_0)","decl":{"start":{"line":23,"column":15},"end":{"line":23,"column":16}},"loc":{"start":{"line":23,"column":20},"end":{"line":29,"column":3}},"line":23},"1":{"name":"(anonymous_1)","decl":{"start":{"line":31,"column":18},"end":{"line":31,"column":19}},"loc":{"start":{"line":31,"column":27},"end":{"line":35,"column":3}},"line":31},"2":{"name":"(anonymous_2)","decl":{"start":{"line":37,"column":21},"end":{"line":37,"column":22}},"loc":{"start":{"line":37,"column":31},"end":{"line":42,"column":3}},"line":37},"3":{"name":"(anonymous_3)","decl":{"start":{"line":37,"column":31},"end":{"line":37,"column":32}},"loc":{"start":{"line":37,"column":36},"end":{"line":42,"column":3}},"line":37},"4":{"name":"(anonymous_4)","decl":{"start":{"line":44,"column":20},"end":{"line":44,"column":21}},"loc":{"start":{"line":44,"column":26},"end":{"line":46,"column":3}},"line":44},"5":{"name":"(anonymous_5)","decl":{"start":{"line":48,"column":13},"end":{"line":48,"column":14}},"loc":{"start":{"line":48,"column":36},"end":{"line":50,"column":3}},"line":48},"6":{"name":"(anonymous_6)","decl":{"start":{"line":52,"column":2},"end":{"line":52,"column":3}},"loc":{"start":{"line":52,"column":11},"end":{"line":83,"column":3}},"line":52}},"branchMap":{},"s":{"0":1,"1":1,"2":0,"3":14,"4":1,"5":1,"6":0,"7":1,"8":7},"f":{"0":1,"1":0,"2":14,"3":1,"4":0,"5":1,"6":7},"b":{},"_coverageSchema":"332fd63041d2c1bcb487cc26dd0d5f7d97098a6c","hash":"58502ea88e7d1d574448d76615ac2caac8a3d59e"}
,"/Users/liliiasapozhnikova/epam/project/final-task-struct/src/reducers/index.js": {"path":"/Users/liliiasapozhnikova/epam/project/final-task-struct/src/reducers/index.js","statementMap":{"0":{"start":{"line":11,"column":22},"end":{"line":15,"column":1}},"1":{"start":{"line":17,"column":29},"end":{"line":32,"column":1}},"2":{"start":{"line":18,"column":2},"end":{"line":31,"column":3}},"3":{"start":{"line":20,"column":6},"end":{"line":20,"column":43}},"4":{"start":{"line":22,"column":6},"end":{"line":22,"column":61}},"5":{"start":{"line":24,"column":6},"end":{"line":28,"column":8}},"6":{"start":{"line":30,"column":6},"end":{"line":30,"column":19}},"7":{"start":{"line":34,"column":17},"end":{"line":39,"column":2}}},"fnMap":{"0":{"name":"(anonymous_0)","decl":{"start":{"line":17,"column":29},"end":{"line":17,"column":30}},"loc":{"start":{"line":17,"column":64},"end":{"line":32,"column":1}},"line":17}},"branchMap":{"0":{"loc":{"start":{"line":17,"column":30},"end":{"line":17,"column":51}},"type":"default-arg","locations":[{"start":{"line":17,"column":38},"end":{"line":17,"column":51}}],"line":17},"1":{"loc":{"start":{"line":18,"column":2},"end":{"line":31,"column":3}},"type":"switch","locations":[{"start":{"line":19,"column":4},"end":{"line":20,"column":43}},{"start":{"line":21,"column":4},"end":{"line":22,"column":61}},{"start":{"line":23,"column":4},"end":{"line":28,"column":8}},{"start":{"line":29,"column":4},"end":{"line":30,"column":19}}],"line":18}},"s":{"0":5,"1":5,"2":47,"3":2,"4":3,"5":3,"6":39,"7":5},"f":{"0":47},"b":{"0":[22],"1":[2,3,3,39]},"_coverageSchema":"332fd63041d2c1bcb487cc26dd0d5f7d97098a6c","hash":"66997a84a8bed83cfa89c558464741737efba9ea"}
}
