TN:
SF:/Users/liliiasapozhnikova/epam/project/final-task-struct/src/Paths.js
FN:1,(anonymous_0)
FN:6,(anonymous_1)
FNF:2
FNH:1
FNDA:1,(anonymous_0)
FNDA:0,(anonymous_1)
DA:1,5
DA:2,1
DA:6,5
LF:3
LH:3
BRF:0
BRH:0
end_of_record
TN:
SF:/Users/liliiasapozhnikova/epam/project/final-task-struct/src/Utils.js
FN:1,(anonymous_0)
FN:5,(anonymous_1)
FN:10,(anonymous_2)
FN:13,(anonymous_3)
FN:21,(anonymous_4)
FN:23,(anonymous_5)
FNF:6
FNH:4
FNDA:0,(anonymous_0)
FNDA:2,(anonymous_1)
FNDA:4,(anonymous_2)
FNDA:2,(anonymous_3)
FNDA:2,(anonymous_4)
FNDA:0,(anonymous_5)
DA:1,5
DA:2,0
DA:5,5
DA:6,2
DA:7,2
DA:10,5
DA:11,4
DA:13,5
DA:14,2
DA:18,2
DA:21,5
DA:22,2
DA:23,2
DA:24,0
DA:26,2
LF:15
LH:13
BRDA:7,0,0,0
BRDA:7,0,1,2
BRF:2
BRH:1
end_of_record
TN:
SF:/Users/liliiasapozhnikova/epam/project/final-task-struct/src/api.js
FN:1,(anonymous_0)
FN:4,(anonymous_1)
FN:7,(anonymous_2)
FN:9,(anonymous_3)
FN:10,(anonymous_4)
FNF:5
FNH:0
FNDA:0,(anonymous_0)
FNDA:0,(anonymous_1)
FNDA:0,(anonymous_2)
FNDA:0,(anonymous_3)
FNDA:0,(anonymous_4)
DA:1,1
DA:2,0
DA:4,0
DA:7,1
DA:8,0
DA:9,0
DA:10,0
LF:7
LH:2
BRDA:1,0,0,0
BRF:1
BRH:0
end_of_record
TN:
SF:/Users/liliiasapozhnikova/epam/project/final-task-struct/src/createStore.js
FN:9,(anonymous_0)
FNF:1
FNH:1
FNDA:9,(anonymous_0)
DA:7,5
DA:10,9
LF:2
LH:2
BRDA:7,0,0,5
BRDA:7,0,1,5
BRDA:9,1,0,9
BRF:3
BRH:3
end_of_record
TN:
SF:/Users/liliiasapozhnikova/epam/project/final-task-struct/src/index.js
FNF:0
FNH:0
DA:1,0
DA:2,0
DA:3,0
DA:4,0
DA:6,0
LF:5
LH:0
BRF:0
BRH:0
end_of_record
TN:
SF:/Users/liliiasapozhnikova/epam/project/final-task-struct/src/testData.js
FNF:0
FNH:0
DA:1,3
DA:30,3
LF:2
LH:2
BRF:0
BRH:0
end_of_record
TN:
SF:/Users/liliiasapozhnikova/epam/project/final-task-struct/src/actions/index.js
FN:13,(anonymous_0)
FN:13,(anonymous_1)
FN:22,(anonymous_2)
FN:27,(anonymous_3)
FN:27,(anonymous_4)
FN:31,(anonymous_5)
FN:36,(anonymous_6)
FN:40,(anonymous_7)
FN:45,(anonymous_8)
FNF:9
FNH:6
FNDA:2,(anonymous_0)
FNDA:2,(anonymous_1)
FNDA:2,(anonymous_2)
FNDA:0,(anonymous_3)
FNDA:0,(anonymous_4)
FNDA:0,(anonymous_5)
FNDA:3,(anonymous_6)
FNDA:4,(anonymous_7)
FNDA:4,(anonymous_8)
DA:13,5
DA:14,2
DA:16,2
DA:17,2
DA:19,2
DA:23,2
DA:27,5
DA:28,0
DA:29,0
DA:31,0
DA:33,0
DA:36,5
DA:40,5
DA:45,5
LF:14
LH:10
BRDA:28,0,0,0
BRDA:28,0,1,0
BRF:2
BRH:0
end_of_record
TN:
SF:/Users/liliiasapozhnikova/epam/project/final-task-struct/src/components/Film/components.js
FNF:0
FNH:0
DA:3,4
DA:11,4
DA:17,4
DA:22,4
DA:29,4
DA:38,4
LF:6
LH:6
BRF:0
BRH:0
end_of_record
TN:
SF:/Users/liliiasapozhnikova/epam/project/final-task-struct/src/components/Film/index.js
FN:10,(anonymous_0)
FN:25,(anonymous_1)
FN:45,(anonymous_2)
FN:49,(anonymous_3)
FN:50,(anonymous_4)
FN:53,(anonymous_5)
FN:53,(anonymous_6)
FNF:7
FNH:5
FNDA:5,(anonymous_0)
FNDA:8,(anonymous_1)
FNDA:5,(anonymous_2)
FNDA:5,(anonymous_3)
FNDA:0,(anonymous_4)
FNDA:5,(anonymous_5)
FNDA:0,(anonymous_6)
DA:10,4
DA:11,5
DA:26,8
DA:38,4
DA:45,5
DA:49,5
DA:51,0
DA:53,5
DA:54,0
LF:9
LH:7
BRF:0
BRH:0
end_of_record
TN:
SF:/Users/liliiasapozhnikova/epam/project/final-task-struct/src/components/FilmDetails/components.js
FNF:0
FNH:0
DA:4,4
DA:10,4
DA:16,4
DA:21,4
DA:25,4
DA:31,4
DA:39,4
DA:54,4
DA:60,4
DA:66,4
DA:75,4
DA:83,4
DA:89,4
LF:13
LH:13
BRF:0
BRH:0
end_of_record
TN:
SF:/Users/liliiasapozhnikova/epam/project/final-task-struct/src/components/FilmDetails/index.js
FN:26,(anonymous_0)
FN:67,(anonymous_1)
FN:71,(anonymous_2)
FN:72,(anonymous_3)
FN:75,(anonymous_4)
FN:75,(anonymous_5)
FNF:6
FNH:4
FNDA:2,(anonymous_0)
FNDA:4,(anonymous_1)
FNDA:1,(anonymous_2)
FNDA:0,(anonymous_3)
FNDA:2,(anonymous_4)
FNDA:0,(anonymous_5)
DA:26,4
DA:27,2
DA:60,4
DA:67,4
DA:71,4
DA:73,0
DA:75,2
DA:76,0
LF:8
LH:6
BRF:0
BRH:0
end_of_record
TN:
SF:/Users/liliiasapozhnikova/epam/project/final-task-struct/src/components/Films/components.js
FNF:0
FNH:0
DA:3,4
LF:1
LH:1
BRF:0
BRH:0
end_of_record
TN:
SF:/Users/liliiasapozhnikova/epam/project/final-task-struct/src/components/Films/index.js
FN:7,(anonymous_0)
FN:13,(anonymous_1)
FNF:2
FNH:2
FNDA:8,(anonymous_0)
FNDA:5,(anonymous_1)
DA:7,4
DA:8,8
DA:9,5
DA:11,3
DA:14,5
DA:20,4
LF:6
LH:6
BRDA:8,0,0,5
BRDA:8,0,1,3
BRF:2
BRH:2
end_of_record
TN:
SF:/Users/liliiasapozhnikova/epam/project/final-task-struct/src/components/Header/components.js
FNF:0
FNH:0
DA:3,5
LF:1
LH:1
BRF:0
BRH:0
end_of_record
TN:
SF:/Users/liliiasapozhnikova/epam/project/final-task-struct/src/components/Header/index.js
FN:5,(anonymous_0)
FNF:1
FNH:1
FNDA:7,(anonymous_0)
DA:5,5
DA:6,7
DA:14,5
LF:3
LH:3
BRF:0
BRH:0
end_of_record
TN:
SF:/Users/liliiasapozhnikova/epam/project/final-task-struct/src/components/NoFilmsFound/components.js
FNF:0
FNH:0
DA:3,4
LF:1
LH:1
BRF:0
BRH:0
end_of_record
TN:
SF:/Users/liliiasapozhnikova/epam/project/final-task-struct/src/components/NoFilmsFound/index.js
FN:4,(anonymous_0)
FNF:1
FNH:1
FNDA:6,(anonymous_0)
DA:4,4
DA:5,6
LF:2
LH:2
BRF:0
BRH:0
end_of_record
TN:
SF:/Users/liliiasapozhnikova/epam/project/final-task-struct/src/components/SearchInformation/components.js
FN:6,(anonymous_0)
FNF:1
FNH:1
FNDA:4,(anonymous_0)
DA:3,4
DA:6,4
DA:9,4
DA:16,4
LF:4
LH:4
BRDA:6,0,0,4
BRDA:6,0,1,2
BRF:2
BRH:2
end_of_record
TN:
SF:/Users/liliiasapozhnikova/epam/project/final-task-struct/src/components/SearchInformation/index.js
FN:6,(anonymous_0)
FN:13,(anonymous_1)
FN:19,(anonymous_2)
FNF:3
FNH:1
FNDA:2,(anonymous_0)
FNDA:0,(anonymous_1)
FNDA:0,(anonymous_2)
DA:6,4
DA:7,2
DA:13,0
DA:19,0
DA:29,4
LF:5
LH:3
BRF:0
BRH:0
end_of_record
TN:
SF:/Users/liliiasapozhnikova/epam/project/final-task-struct/src/components/UI/index.js
FN:15,(anonymous_0)
FN:32,(anonymous_1)
FNF:2
FNH:2
FNDA:7,(anonymous_0)
FNDA:7,(anonymous_1)
DA:3,5
DA:16,7
DA:33,7
DA:82,5
DA:94,5
DA:103,5
LF:6
LH:6
BRDA:16,0,0,7
BRDA:16,0,1,0
BRDA:33,1,0,7
BRDA:33,1,1,0
BRF:4
BRH:2
end_of_record
TN:
SF:/Users/liliiasapozhnikova/epam/project/final-task-struct/src/constants/index.js
FNF:0
FNH:0
DA:1,5
DA:2,5
DA:3,5
LF:3
LH:3
BRF:0
BRH:0
end_of_record
TN:
SF:/Users/liliiasapozhnikova/epam/project/final-task-struct/src/containers/App/index.js
FN:17,(anonymous_0)
FNF:1
FNH:1
FNDA:5,(anonymous_0)
DA:17,4
DA:18,5
LF:2
LH:2
BRF:0
BRH:0
end_of_record
TN:
SF:/Users/liliiasapozhnikova/epam/project/final-task-struct/src/containers/ConnectedApp/index.js
FNF:0
FNH:0
DA:1,0
DA:2,0
DA:3,0
DA:4,0
DA:5,0
DA:7,0
DA:8,0
DA:12,0
LF:8
LH:0
BRF:0
BRH:0
end_of_record
TN:
SF:/Users/liliiasapozhnikova/epam/project/final-task-struct/src/containers/FavoriteFilmsPage/components.js
FNF:0
FNH:0
DA:4,4
DA:13,4
LF:2
LH:2
BRF:0
BRH:0
end_of_record
TN:
SF:/Users/liliiasapozhnikova/epam/project/final-task-struct/src/containers/FavoriteFilmsPage/index.js
FN:11,(anonymous_0)
FN:15,(anonymous_1)
FN:17,(anonymous_2)
FN:21,(anonymous_3)
FN:39,(anonymous_4)
FNF:5
FNH:4
FNDA:1,(anonymous_0)
FNDA:1,(anonymous_1)
FNDA:0,(anonymous_2)
FNDA:3,(anonymous_3)
FNDA:3,(anonymous_4)
DA:12,1
DA:15,1
DA:18,0
DA:22,3
DA:23,0
DA:25,3
DA:39,4
LF:7
LH:5
BRDA:22,0,0,0
BRDA:22,0,1,3
BRF:2
BRH:1
end_of_record
TN:
SF:/Users/liliiasapozhnikova/epam/project/final-task-struct/src/containers/FilmPage/actions.js
FN:5,(anonymous_0)
FN:5,(anonymous_1)
FN:8,(anonymous_2)
FN:14,(anonymous_3)
FN:16,(anonymous_4)
FN:22,(anonymous_5)
FN:26,(anonymous_6)
FN:31,(anonymous_7)
FNF:8
FNH:8
FNDA:2,(anonymous_0)
FNDA:2,(anonymous_1)
FNDA:2,(anonymous_2)
FNDA:2,(anonymous_3)
FNDA:4,(anonymous_4)
FNDA:3,(anonymous_5)
FNDA:5,(anonymous_6)
FNDA:4,(anonymous_7)
DA:5,4
DA:6,2
DA:8,2
DA:9,2
DA:11,2
DA:15,2
DA:16,4
DA:22,4
DA:26,5
DA:31,4
LF:10
LH:10
BRF:0
BRH:0
end_of_record
TN:
SF:/Users/liliiasapozhnikova/epam/project/final-task-struct/src/containers/FilmPage/constants.js
FNF:0
FNH:0
DA:1,5
DA:2,5
DA:3,5
LF:3
LH:3
BRF:0
BRH:0
end_of_record
TN:
SF:/Users/liliiasapozhnikova/epam/project/final-task-struct/src/containers/FilmPage/index.js
FN:9,(anonymous_0)
FN:13,(anonymous_1)
FN:19,(anonymous_2)
FN:23,(anonymous_3)
FN:36,(anonymous_4)
FNF:5
FNH:5
FNDA:1,(anonymous_0)
FNDA:2,(anonymous_1)
FNDA:1,(anonymous_2)
FNDA:3,(anonymous_3)
FNDA:4,(anonymous_4)
DA:10,1
DA:14,2
DA:15,0
DA:20,1
DA:24,3
DA:25,0
DA:27,3
DA:36,4
LF:8
LH:6
BRDA:14,0,0,0
BRDA:14,0,1,2
BRDA:24,1,0,0
BRDA:24,1,1,3
BRF:4
BRH:2
end_of_record
TN:
SF:/Users/liliiasapozhnikova/epam/project/final-task-struct/src/containers/FilmPage/reducer.js
FN:9,(anonymous_0)
FNF:1
FNH:1
FNDA:48,(anonymous_0)
DA:3,5
DA:10,48
DA:12,2
DA:14,3
DA:16,4
DA:18,39
LF:6
LH:6
BRDA:9,0,0,22
BRDA:10,1,0,2
BRDA:10,1,1,3
BRDA:10,1,2,4
BRDA:10,1,3,39
BRF:5
BRH:5
end_of_record
TN:
SF:/Users/liliiasapozhnikova/epam/project/final-task-struct/src/containers/HomePage/index.js
FN:6,(anonymous_0)
FNF:1
FNH:1
FNDA:1,(anonymous_0)
DA:6,4
DA:7,1
LF:2
LH:2
BRF:0
BRH:0
end_of_record
TN:
SF:/Users/liliiasapozhnikova/epam/project/final-task-struct/src/containers/NotFoundPage/index.js
FN:2,(anonymous_0)
FNF:1
FNH:1
FNDA:1,(anonymous_0)
DA:2,4
LF:1
LH:1
BRF:0
BRH:0
end_of_record
TN:
SF:/Users/liliiasapozhnikova/epam/project/final-task-struct/src/containers/SearchPage/actions.js
FN:4,(anonymous_0)
FN:4,(anonymous_1)
FN:9,(anonymous_2)
FN:15,(anonymous_3)
FN:19,(anonymous_4)
FNF:5
FNH:5
FNDA:4,(anonymous_0)
FNDA:4,(anonymous_1)
FNDA:4,(anonymous_2)
FNDA:5,(anonymous_3)
FNDA:6,(anonymous_4)
DA:4,4
DA:5,4
DA:6,4
DA:7,0
DA:9,4
DA:10,4
DA:15,5
DA:19,6
LF:8
LH:7
BRDA:6,0,0,0
BRDA:6,0,1,4
BRF:2
BRH:1
end_of_record
TN:
SF:/Users/liliiasapozhnikova/epam/project/final-task-struct/src/containers/SearchPage/constants.js
FNF:0
FNH:0
DA:1,5
DA:2,5
LF:2
LH:2
BRF:0
BRH:0
end_of_record
TN:
SF:/Users/liliiasapozhnikova/epam/project/final-task-struct/src/containers/SearchPage/index.js
FN:16,(anonymous_0)
FN:20,(anonymous_1)
FN:26,(anonymous_2)
FN:33,(anonymous_3)
FN:38,(anonymous_4)
FN:42,(anonymous_5)
FN:60,(anonymous_6)
FNF:7
FNH:7
FNDA:2,(anonymous_0)
FNDA:1,(anonymous_1)
FNDA:3,(anonymous_2)
FNDA:1,(anonymous_3)
FNDA:1,(anonymous_4)
FNDA:4,(anonymous_5)
FNDA:8,(anonymous_6)
DA:17,2
DA:21,1
DA:22,0
DA:27,3
DA:28,3
DA:30,3
DA:34,1
DA:38,1
DA:43,4
DA:44,0
DA:46,4
DA:60,8
LF:12
LH:10
BRDA:21,0,0,0
BRDA:21,0,1,1
BRDA:43,1,0,0
BRDA:43,1,1,4
BRF:4
BRH:2
end_of_record
TN:
SF:/Users/liliiasapozhnikova/epam/project/final-task-struct/src/containers/SearchPage/reducer.js
FN:8,(anonymous_0)
FNF:1
FNH:1
FNDA:46,(anonymous_0)
DA:3,5
DA:9,46
DA:11,4
DA:13,5
DA:15,37
LF:5
LH:5
BRDA:8,0,0,21
BRDA:9,1,0,4
BRDA:9,1,1,5
BRDA:9,1,2,37
BRF:4
BRH:4
end_of_record
TN:
SF:/Users/liliiasapozhnikova/epam/project/final-task-struct/src/containers/Searcher/components.js
FN:28,(anonymous_0)
FNF:1
FNH:1
FNDA:4,(anonymous_0)
DA:4,5
DA:10,5
DA:22,5
DA:28,4
DA:35,5
DA:48,5
DA:61,5
DA:71,5
LF:8
LH:8
BRDA:28,0,0,4
BRDA:28,0,1,2
BRF:2
BRH:2
end_of_record
TN:
SF:/Users/liliiasapozhnikova/epam/project/final-task-struct/src/containers/Searcher/index.js
FN:23,(anonymous_0)
FN:31,(anonymous_1)
FN:37,(anonymous_2)
FN:37,(anonymous_3)
FN:44,(anonymous_4)
FN:48,(anonymous_5)
FN:52,(anonymous_6)
FNF:7
FNH:5
FNDA:1,(anonymous_0)
FNDA:0,(anonymous_1)
FNDA:14,(anonymous_2)
FNDA:1,(anonymous_3)
FNDA:0,(anonymous_4)
FNDA:1,(anonymous_5)
FNDA:7,(anonymous_6)
DA:24,1
DA:25,1
DA:32,0
DA:37,14
DA:38,1
DA:39,1
DA:45,0
DA:49,1
DA:53,7
LF:9
LH:7
BRF:0
BRH:0
end_of_record
TN:
SF:/Users/liliiasapozhnikova/epam/project/final-task-struct/src/reducers/index.js
FN:17,(anonymous_0)
FNF:1
FNH:1
FNDA:47,(anonymous_0)
DA:11,5
DA:17,5
DA:18,47
DA:20,2
DA:22,3
DA:24,3
DA:30,39
DA:34,5
LF:8
LH:8
BRDA:17,0,0,22
BRDA:18,1,0,2
BRDA:18,1,1,3
BRDA:18,1,2,3
BRDA:18,1,3,39
BRF:5
BRH:5
end_of_record
